============================= test session starts ==============================
platform darwin -- Python 3.9.0, pytest-6.2.4, py-1.11.0, pluggy-0.13.1 -- /Users/macbook-pro/Documents/praktikum/api_group/env/bin/python
django: settings: api_yamdb.settings (from ini)
rootdir: /Users/macbook-pro/Documents/praktikum/api_group, configfile: pytest.ini
plugins: pythonpath-0.7.3, django-4.4.0
collecting ... collected 7 items

tests/test_03_genre.py::Test03GenreAPI::test_01_genre_not_auth FAILED    [ 14%]
tests/test_03_genre.py::Test03GenreAPI::test_02_genre FAILED             [ 28%]
tests/test_03_genre.py::Test03GenreAPI::test_03_category_fields_validation[data0-massage0] FAILED [ 42%]
tests/test_03_genre.py::Test03GenreAPI::test_03_category_fields_validation[data1-massage1] FAILED [ 57%]
tests/test_03_genre.py::Test03GenreAPI::test_03_category_fields_validation[data2-massage2] FAILED [ 71%]
tests/test_03_genre.py::Test03GenreAPI::test_04_genres_delete FAILED     [ 85%]
tests/test_03_genre.py::Test03GenreAPI::test_05_genres_check_permission FAILED [100%]

=================================== FAILURES ===================================
____________________ Test03GenreAPI.test_01_genre_not_auth _____________________

request = <WSGIRequest: GET '/api/v1/genres/'>

    @wraps(get_response)
    def inner(request):
        try:
>           response = get_response(request)

env/lib/python3.9/site-packages/django/core/handlers/exception.py:47: 
_ _ _ _ _ _ _ _ _ _ _ _ _ _ _ _ _ _ _ _ _ _ _ _ _ _ _ _ _ _ _ _ _ _ _ _ _ _ _ _ 

self = <django.test.client.ClientHandler object at 0x7fb4002be4c0>
request = <WSGIRequest: GET '/api/v1/genres/'>

    def _get_response(self, request):
        """
        Resolve and call the view, then apply view, exception, and
        template_response middleware. This method is everything that happens
        inside the request/response middleware.
        """
        response = None
>       callback, callback_args, callback_kwargs = self.resolve_request(request)

env/lib/python3.9/site-packages/django/core/handlers/base.py:167: 
_ _ _ _ _ _ _ _ _ _ _ _ _ _ _ _ _ _ _ _ _ _ _ _ _ _ _ _ _ _ _ _ _ _ _ _ _ _ _ _ 

self = <django.test.client.ClientHandler object at 0x7fb4002be4c0>
request = <WSGIRequest: GET '/api/v1/genres/'>

    def resolve_request(self, request):
        """
        Retrieve/set the urlconf for the request. Return the view resolved,
        with its args and kwargs.
        """
        # Work out the resolver.
        if hasattr(request, 'urlconf'):
            urlconf = request.urlconf
            set_urlconf(urlconf)
            resolver = get_resolver(urlconf)
        else:
            resolver = get_resolver()
        # Resolve the view, and assign the match object back to the request.
>       resolver_match = resolver.resolve(request.path_info)

env/lib/python3.9/site-packages/django/core/handlers/base.py:290: 
_ _ _ _ _ _ _ _ _ _ _ _ _ _ _ _ _ _ _ _ _ _ _ _ _ _ _ _ _ _ _ _ _ _ _ _ _ _ _ _ 

self = <URLResolver 'api_yamdb.urls' (None:None) '^/'>, path = '/api/v1/genres/'

    def resolve(self, path):
        path = str(path)  # path may be a reverse_lazy object
        tried = []
        match = self.pattern.match(path)
        if match:
            new_path, args, kwargs = match
>           for pattern in self.url_patterns:

env/lib/python3.9/site-packages/django/urls/resolvers.py:556: 
_ _ _ _ _ _ _ _ _ _ _ _ _ _ _ _ _ _ _ _ _ _ _ _ _ _ _ _ _ _ _ _ _ _ _ _ _ _ _ _ 

self = <django.utils.functional.cached_property object at 0x7fb4000fdb20>
instance = <URLResolver 'api_yamdb.urls' (None:None) '^/'>
cls = <class 'django.urls.resolvers.URLResolver'>

    def __get__(self, instance, cls=None):
        """
        Call the function and put the return value in instance.__dict__ so that
        subsequent attribute access on the instance returns the cached value
        instead of calling cached_property.__get__().
        """
        if instance is None:
            return self
>       res = instance.__dict__[self.name] = self.func(instance)

env/lib/python3.9/site-packages/django/utils/functional.py:48: 
_ _ _ _ _ _ _ _ _ _ _ _ _ _ _ _ _ _ _ _ _ _ _ _ _ _ _ _ _ _ _ _ _ _ _ _ _ _ _ _ 

self = <URLResolver 'api_yamdb.urls' (None:None) '^/'>

    @cached_property
    def url_patterns(self):
        # urlconf_module might be a valid set of patterns, so we default to it
>       patterns = getattr(self.urlconf_module, "urlpatterns", self.urlconf_module)

env/lib/python3.9/site-packages/django/urls/resolvers.py:598: 
_ _ _ _ _ _ _ _ _ _ _ _ _ _ _ _ _ _ _ _ _ _ _ _ _ _ _ _ _ _ _ _ _ _ _ _ _ _ _ _ 

self = <django.utils.functional.cached_property object at 0x7fb4000fdac0>
instance = <URLResolver 'api_yamdb.urls' (None:None) '^/'>
cls = <class 'django.urls.resolvers.URLResolver'>

    def __get__(self, instance, cls=None):
        """
        Call the function and put the return value in instance.__dict__ so that
        subsequent attribute access on the instance returns the cached value
        instead of calling cached_property.__get__().
        """
        if instance is None:
            return self
>       res = instance.__dict__[self.name] = self.func(instance)

env/lib/python3.9/site-packages/django/utils/functional.py:48: 
_ _ _ _ _ _ _ _ _ _ _ _ _ _ _ _ _ _ _ _ _ _ _ _ _ _ _ _ _ _ _ _ _ _ _ _ _ _ _ _ 

self = <URLResolver 'api_yamdb.urls' (None:None) '^/'>

    @cached_property
    def urlconf_module(self):
        if isinstance(self.urlconf_name, str):
>           return import_module(self.urlconf_name)

env/lib/python3.9/site-packages/django/urls/resolvers.py:591: 
_ _ _ _ _ _ _ _ _ _ _ _ _ _ _ _ _ _ _ _ _ _ _ _ _ _ _ _ _ _ _ _ _ _ _ _ _ _ _ _ 

name = 'api_yamdb.urls', package = None

    def import_module(name, package=None):
        """Import a module.
    
        The 'package' argument is required when performing a relative import. It
        specifies the package to use as the anchor point from which to resolve the
        relative import to an absolute import.
    
        """
        level = 0
        if name.startswith('.'):
            if not package:
                msg = ("the 'package' argument is required to perform a relative "
                       "import for {!r}")
                raise TypeError(msg.format(name))
            for character in name:
                if character != '.':
                    break
                level += 1
>       return _bootstrap._gcd_import(name[level:], package, level)

/Library/Frameworks/Python.framework/Versions/3.9/lib/python3.9/importlib/__init__.py:127: 
_ _ _ _ _ _ _ _ _ _ _ _ _ _ _ _ _ _ _ _ _ _ _ _ _ _ _ _ _ _ _ _ _ _ _ _ _ _ _ _ 

name = 'api_yamdb.urls', package = None, level = 0

>   ???

<frozen importlib._bootstrap>:1030: 
_ _ _ _ _ _ _ _ _ _ _ _ _ _ _ _ _ _ _ _ _ _ _ _ _ _ _ _ _ _ _ _ _ _ _ _ _ _ _ _ 

name = 'api_yamdb.urls', import_ = <function _gcd_import at 0x7fb420099310>

>   ???

<frozen importlib._bootstrap>:1007: 
_ _ _ _ _ _ _ _ _ _ _ _ _ _ _ _ _ _ _ _ _ _ _ _ _ _ _ _ _ _ _ _ _ _ _ _ _ _ _ _ 

name = 'api_yamdb.urls', import_ = <function _gcd_import at 0x7fb420099310>

>   ???

<frozen importlib._bootstrap>:986: 
_ _ _ _ _ _ _ _ _ _ _ _ _ _ _ _ _ _ _ _ _ _ _ _ _ _ _ _ _ _ _ _ _ _ _ _ _ _ _ _ 

spec = ModuleSpec(name='api_yamdb.urls', loader=<_frozen_importlib_external.SourceFileLoader object at 0x7fb4106606a0>, origin='/Users/macbook-pro/Documents/praktikum/api_group/api_yamdb/api_yamdb/urls.py')

>   ???

<frozen importlib._bootstrap>:680: 
_ _ _ _ _ _ _ _ _ _ _ _ _ _ _ _ _ _ _ _ _ _ _ _ _ _ _ _ _ _ _ _ _ _ _ _ _ _ _ _ 

self = <_frozen_importlib_external.SourceFileLoader object at 0x7fb4106606a0>
module = <module 'api_yamdb.urls' from '/Users/macbook-pro/Documents/praktikum/api_group/api_yamdb/api_yamdb/urls.py'>

>   ???

<frozen importlib._bootstrap_external>:790: 
_ _ _ _ _ _ _ _ _ _ _ _ _ _ _ _ _ _ _ _ _ _ _ _ _ _ _ _ _ _ _ _ _ _ _ _ _ _ _ _ 

f = <built-in function exec>
args = (<code object <module> at 0x7fb421a24450, file "/Users/macbook-pro/Documents/praktikum/api_group/api_yamdb/api_yamdb/u... from django.urls import include, path\n    2. Add a URL to urlpatterns:  path('blog/', include('blog.urls'))\n", ...})
kwds = {}

>   ???

<frozen importlib._bootstrap>:228: 
_ _ _ _ _ _ _ _ _ _ _ _ _ _ _ _ _ _ _ _ _ _ _ _ _ _ _ _ _ _ _ _ _ _ _ _ _ _ _ _ 

    """YaMDb URL Configuration
    
    The `urlpatterns` list routes URLs to views. For more information please see:
        https://docs.djangoproject.com/en/3.2/topics/http/urls/
    Examples:
    Function views
        1. Add an import:  from my_app import views
        2. Add a URL to urlpatterns:  path('', views.home, name='home')
    Class-based views
        1. Add an import:  from other_app.views import Home
        2. Add a URL to urlpatterns:  path('', Home.as_view(), name='home')
    Including another URLconf
        1. Import the include() function: from django.urls import include, path
        2. Add a URL to urlpatterns:  path('blog/', include('blog.urls'))
    """
    from django.contrib import admin
    from django.urls import path, include
    from django.views.generic import TemplateView
    
    urlpatterns = [
        path('admin/', admin.site.urls),
        path(
            'redoc/',
            TemplateView.as_view(template_name='redoc.html'),
            name='redoc'
        ),
>       path('api/', include('api.urls')),
    
    ]

api_yamdb/api_yamdb/urls.py:27: 
_ _ _ _ _ _ _ _ _ _ _ _ _ _ _ _ _ _ _ _ _ _ _ _ _ _ _ _ _ _ _ _ _ _ _ _ _ _ _ _ 

arg = 'api.urls', namespace = None

    def include(arg, namespace=None):
        app_name = None
        if isinstance(arg, tuple):
            # Callable returning a namespace hint.
            try:
                urlconf_module, app_name = arg
            except ValueError:
                if namespace:
                    raise ImproperlyConfigured(
                        'Cannot override the namespace for a dynamic module that '
                        'provides a namespace.'
                    )
                raise ImproperlyConfigured(
                    'Passing a %d-tuple to include() is not supported. Pass a '
                    '2-tuple containing the list of patterns and app_name, and '
                    'provide the namespace argument to include() instead.' % len(arg)
                )
        else:
            # No namespace hint - use manually provided namespace.
            urlconf_module = arg
    
        if isinstance(urlconf_module, str):
>           urlconf_module = import_module(urlconf_module)

env/lib/python3.9/site-packages/django/urls/conf.py:34: 
_ _ _ _ _ _ _ _ _ _ _ _ _ _ _ _ _ _ _ _ _ _ _ _ _ _ _ _ _ _ _ _ _ _ _ _ _ _ _ _ 

name = 'api.urls', package = None

    def import_module(name, package=None):
        """Import a module.
    
        The 'package' argument is required when performing a relative import. It
        specifies the package to use as the anchor point from which to resolve the
        relative import to an absolute import.
    
        """
        level = 0
        if name.startswith('.'):
            if not package:
                msg = ("the 'package' argument is required to perform a relative "
                       "import for {!r}")
                raise TypeError(msg.format(name))
            for character in name:
                if character != '.':
                    break
                level += 1
>       return _bootstrap._gcd_import(name[level:], package, level)

/Library/Frameworks/Python.framework/Versions/3.9/lib/python3.9/importlib/__init__.py:127: 
_ _ _ _ _ _ _ _ _ _ _ _ _ _ _ _ _ _ _ _ _ _ _ _ _ _ _ _ _ _ _ _ _ _ _ _ _ _ _ _ 

name = 'api.urls', package = None, level = 0

>   ???

<frozen importlib._bootstrap>:1030: 
_ _ _ _ _ _ _ _ _ _ _ _ _ _ _ _ _ _ _ _ _ _ _ _ _ _ _ _ _ _ _ _ _ _ _ _ _ _ _ _ 

name = 'api.urls', import_ = <function _gcd_import at 0x7fb420099310>

>   ???

<frozen importlib._bootstrap>:1007: 
_ _ _ _ _ _ _ _ _ _ _ _ _ _ _ _ _ _ _ _ _ _ _ _ _ _ _ _ _ _ _ _ _ _ _ _ _ _ _ _ 

name = 'api.urls', import_ = <function _gcd_import at 0x7fb420099310>

>   ???

<frozen importlib._bootstrap>:986: 
_ _ _ _ _ _ _ _ _ _ _ _ _ _ _ _ _ _ _ _ _ _ _ _ _ _ _ _ _ _ _ _ _ _ _ _ _ _ _ _ 

spec = ModuleSpec(name='api.urls', loader=<_frozen_importlib_external.SourceFileLoader object at 0x7fb421a34cd0>, origin='/Users/macbook-pro/Documents/praktikum/api_group/api_yamdb/api/urls.py')

>   ???

<frozen importlib._bootstrap>:680: 
_ _ _ _ _ _ _ _ _ _ _ _ _ _ _ _ _ _ _ _ _ _ _ _ _ _ _ _ _ _ _ _ _ _ _ _ _ _ _ _ 

self = <_frozen_importlib_external.SourceFileLoader object at 0x7fb421a34cd0>
module = <module 'api.urls' from '/Users/macbook-pro/Documents/praktikum/api_group/api_yamdb/api/urls.py'>

>   ???

<frozen importlib._bootstrap_external>:790: 
_ _ _ _ _ _ _ _ _ _ _ _ _ _ _ _ _ _ _ _ _ _ _ _ _ _ _ _ _ _ _ _ _ _ _ _ _ _ _ _ 

f = <built-in function exec>
args = (<code object <module> at 0x7fb421a36240, file "/Users/macbook-pro/Documents/praktikum/api_group/api_yamdb/api/urls.py.../Users/macbook-pro/Documents/praktikum/api_group/api_yamdb/api/__pycache__/urls.cpython-39.pyc', '__doc__': None, ...})
kwds = {}

>   ???

<frozen importlib._bootstrap>:228: 
_ _ _ _ _ _ _ _ _ _ _ _ _ _ _ _ _ _ _ _ _ _ _ _ _ _ _ _ _ _ _ _ _ _ _ _ _ _ _ _ 

    from django.urls import include, path
    from rest_framework.routers import DefaultRouter
>   from api.views import CategoryViewSet, GenreViewSet, TitleViewSet, UserViewSet

api_yamdb/api/urls.py:3: 
_ _ _ _ _ _ _ _ _ _ _ _ _ _ _ _ _ _ _ _ _ _ _ _ _ _ _ _ _ _ _ _ _ _ _ _ _ _ _ _ 

    from django.conf import settings
    from django.contrib.auth.tokens import default_token_generator
    from django.core.mail import send_mail
    from django.db import IntegrityError
    from rest_framework import status
    from rest_framework import viewsets
    from rest_framework.decorators import action, api_view
    from rest_framework.generics import get_object_or_404
    from rest_framework.pagination import PageNumberPagination
    from rest_framework.permissions import IsAuthenticated
    from rest_framework.response import Response
    from rest_framework_simplejwt.tokens import AccessToken
    
    from reviews.models import Category, Genre, Title
    from .permissions import IsAdminOrReadOnly
    from .serializers import (CategorySerializer, GenreSerializer,
                              TitleSerializer, TokenSerializer,
                              SignupSerializer, UserEditSerializer,
                              UserSerializer)
    from users.models import User
    
    
    class CategoryViewSet(viewsets.ModelViewSet):
        queryset = Category.objects.all()
        serializer_class = CategorySerializer
        lookup_field = 'slug'
        permission_classes = [IsAdminOrReadOnly]
    
    
>   class GenreViewSet(viewsets.ModelViewSet):

api_yamdb/api/views.py:30: 
_ _ _ _ _ _ _ _ _ _ _ _ _ _ _ _ _ _ _ _ _ _ _ _ _ _ _ _ _ _ _ _ _ _ _ _ _ _ _ _ 

    class GenreViewSet(viewsets.ModelViewSet):
        queryset = Genre.objects.all()
        serializer_class = GenreSerializer
        lookup_field = 'slug'
>       permission_classes = [IsAdminUser]  # Доступ только для администраторов
E       NameError: name 'IsAdminUser' is not defined

api_yamdb/api/views.py:34: NameError

During handling of the above exception, another exception occurred:

request = <WSGIRequest: GET '/api/v1/genres/'>

    @wraps(get_response)
    def inner(request):
        try:
>           response = get_response(request)

env/lib/python3.9/site-packages/django/core/handlers/exception.py:47: 
_ _ _ _ _ _ _ _ _ _ _ _ _ _ _ _ _ _ _ _ _ _ _ _ _ _ _ _ _ _ _ _ _ _ _ _ _ _ _ _ 

self = <django.middleware.clickjacking.XFrameOptionsMiddleware object at 0x7fb4002be2b0>
request = <WSGIRequest: GET '/api/v1/genres/'>

    def __call__(self, request):
        # Exit out to async mode, if needed
        if asyncio.iscoroutinefunction(self.get_response):
            return self.__acall__(request)
        response = None
        if hasattr(self, 'process_request'):
            response = self.process_request(request)
>       response = response or self.get_response(request)

env/lib/python3.9/site-packages/django/utils/deprecation.py:117: 
_ _ _ _ _ _ _ _ _ _ _ _ _ _ _ _ _ _ _ _ _ _ _ _ _ _ _ _ _ _ _ _ _ _ _ _ _ _ _ _ 

request = <WSGIRequest: GET '/api/v1/genres/'>

    @wraps(get_response)
    def inner(request):
        try:
            response = get_response(request)
        except Exception as exc:
>           response = response_for_exception(request, exc)

env/lib/python3.9/site-packages/django/core/handlers/exception.py:49: 
_ _ _ _ _ _ _ _ _ _ _ _ _ _ _ _ _ _ _ _ _ _ _ _ _ _ _ _ _ _ _ _ _ _ _ _ _ _ _ _ 

request = <WSGIRequest: GET '/api/v1/genres/'>
exc = NameError("name 'IsAdminUser' is not defined")

    def response_for_exception(request, exc):
        if isinstance(exc, Http404):
            if settings.DEBUG:
                response = debug.technical_404_response(request, exc)
            else:
                response = get_exception_response(request, get_resolver(get_urlconf()), 404, exc)
    
        elif isinstance(exc, PermissionDenied):
            response = get_exception_response(request, get_resolver(get_urlconf()), 403, exc)
            log_response(
                'Forbidden (Permission denied): %s', request.path,
                response=response,
                request=request,
                exc_info=sys.exc_info(),
            )
    
        elif isinstance(exc, MultiPartParserError):
            response = get_exception_response(request, get_resolver(get_urlconf()), 400, exc)
            log_response(
                'Bad request (Unable to parse request body): %s', request.path,
                response=response,
                request=request,
                exc_info=sys.exc_info(),
            )
    
        elif isinstance(exc, BadRequest):
            if settings.DEBUG:
                response = debug.technical_500_response(request, *sys.exc_info(), status_code=400)
            else:
                response = get_exception_response(request, get_resolver(get_urlconf()), 400, exc)
            log_response(
                '%s: %s', str(exc), request.path,
                response=response,
                request=request,
                exc_info=sys.exc_info(),
            )
        elif isinstance(exc, SuspiciousOperation):
            if isinstance(exc, (RequestDataTooBig, TooManyFieldsSent)):
                # POST data can't be accessed again, otherwise the original
                # exception would be raised.
                request._mark_post_parse_error()
    
            # The request logger receives events for any problematic request
            # The security logger receives events for all SuspiciousOperations
            security_logger = logging.getLogger('django.security.%s' % exc.__class__.__name__)
            security_logger.error(
                str(exc),
                extra={'status_code': 400, 'request': request},
            )
            if settings.DEBUG:
                response = debug.technical_500_response(request, *sys.exc_info(), status_code=400)
            else:
                response = get_exception_response(request, get_resolver(get_urlconf()), 400, exc)
    
        elif isinstance(exc, SystemExit):
            # Allow sys.exit() to actually exit. See tickets #1023 and #4701
            raise
    
        else:
            signals.got_request_exception.send(sender=None, request=request)
>           response = handle_uncaught_exception(request, get_resolver(get_urlconf()), sys.exc_info())

env/lib/python3.9/site-packages/django/core/handlers/exception.py:114: 
_ _ _ _ _ _ _ _ _ _ _ _ _ _ _ _ _ _ _ _ _ _ _ _ _ _ _ _ _ _ _ _ _ _ _ _ _ _ _ _ 

request = <WSGIRequest: GET '/api/v1/genres/'>
resolver = <URLResolver 'api_yamdb.urls' (None:None) '^/'>
exc_info = (<class 'NameError'>, NameError("name 'IsAdminUser' is not defined"), <traceback object at 0x7fb4002b7580>)

    def handle_uncaught_exception(request, resolver, exc_info):
        """
        Processing for any otherwise uncaught exceptions (those that will
        generate HTTP 500 responses).
        """
        if settings.DEBUG_PROPAGATE_EXCEPTIONS:
            raise
    
        if settings.DEBUG:
            return debug.technical_500_response(request, *exc_info)
    
        # Return an HttpResponse that displays a friendly error message.
>       callback = resolver.resolve_error_handler(500)

env/lib/python3.9/site-packages/django/core/handlers/exception.py:152: 
_ _ _ _ _ _ _ _ _ _ _ _ _ _ _ _ _ _ _ _ _ _ _ _ _ _ _ _ _ _ _ _ _ _ _ _ _ _ _ _ 

self = <URLResolver 'api_yamdb.urls' (None:None) '^/'>, view_type = 500

    def resolve_error_handler(self, view_type):
>       callback = getattr(self.urlconf_module, 'handler%s' % view_type, None)

env/lib/python3.9/site-packages/django/urls/resolvers.py:611: 
_ _ _ _ _ _ _ _ _ _ _ _ _ _ _ _ _ _ _ _ _ _ _ _ _ _ _ _ _ _ _ _ _ _ _ _ _ _ _ _ 

self = <django.utils.functional.cached_property object at 0x7fb4000fdac0>
instance = <URLResolver 'api_yamdb.urls' (None:None) '^/'>
cls = <class 'django.urls.resolvers.URLResolver'>

    def __get__(self, instance, cls=None):
        """
        Call the function and put the return value in instance.__dict__ so that
        subsequent attribute access on the instance returns the cached value
        instead of calling cached_property.__get__().
        """
        if instance is None:
            return self
>       res = instance.__dict__[self.name] = self.func(instance)

env/lib/python3.9/site-packages/django/utils/functional.py:48: 
_ _ _ _ _ _ _ _ _ _ _ _ _ _ _ _ _ _ _ _ _ _ _ _ _ _ _ _ _ _ _ _ _ _ _ _ _ _ _ _ 

self = <URLResolver 'api_yamdb.urls' (None:None) '^/'>

    @cached_property
    def urlconf_module(self):
        if isinstance(self.urlconf_name, str):
>           return import_module(self.urlconf_name)

env/lib/python3.9/site-packages/django/urls/resolvers.py:591: 
_ _ _ _ _ _ _ _ _ _ _ _ _ _ _ _ _ _ _ _ _ _ _ _ _ _ _ _ _ _ _ _ _ _ _ _ _ _ _ _ 

name = 'api_yamdb.urls', package = None

    def import_module(name, package=None):
        """Import a module.
    
        The 'package' argument is required when performing a relative import. It
        specifies the package to use as the anchor point from which to resolve the
        relative import to an absolute import.
    
        """
        level = 0
        if name.startswith('.'):
            if not package:
                msg = ("the 'package' argument is required to perform a relative "
                       "import for {!r}")
                raise TypeError(msg.format(name))
            for character in name:
                if character != '.':
                    break
                level += 1
>       return _bootstrap._gcd_import(name[level:], package, level)

/Library/Frameworks/Python.framework/Versions/3.9/lib/python3.9/importlib/__init__.py:127: 
_ _ _ _ _ _ _ _ _ _ _ _ _ _ _ _ _ _ _ _ _ _ _ _ _ _ _ _ _ _ _ _ _ _ _ _ _ _ _ _ 

name = 'api_yamdb.urls', package = None, level = 0

>   ???

<frozen importlib._bootstrap>:1030: 
_ _ _ _ _ _ _ _ _ _ _ _ _ _ _ _ _ _ _ _ _ _ _ _ _ _ _ _ _ _ _ _ _ _ _ _ _ _ _ _ 

name = 'api_yamdb.urls', import_ = <function _gcd_import at 0x7fb420099310>

>   ???

<frozen importlib._bootstrap>:1007: 
_ _ _ _ _ _ _ _ _ _ _ _ _ _ _ _ _ _ _ _ _ _ _ _ _ _ _ _ _ _ _ _ _ _ _ _ _ _ _ _ 

name = 'api_yamdb.urls', import_ = <function _gcd_import at 0x7fb420099310>

>   ???

<frozen importlib._bootstrap>:986: 
_ _ _ _ _ _ _ _ _ _ _ _ _ _ _ _ _ _ _ _ _ _ _ _ _ _ _ _ _ _ _ _ _ _ _ _ _ _ _ _ 

spec = ModuleSpec(name='api_yamdb.urls', loader=<_frozen_importlib_external.SourceFileLoader object at 0x7fb410660160>, origin='/Users/macbook-pro/Documents/praktikum/api_group/api_yamdb/api_yamdb/urls.py')

>   ???

<frozen importlib._bootstrap>:680: 
_ _ _ _ _ _ _ _ _ _ _ _ _ _ _ _ _ _ _ _ _ _ _ _ _ _ _ _ _ _ _ _ _ _ _ _ _ _ _ _ 

self = <_frozen_importlib_external.SourceFileLoader object at 0x7fb410660160>
module = <module 'api_yamdb.urls' from '/Users/macbook-pro/Documents/praktikum/api_group/api_yamdb/api_yamdb/urls.py'>

>   ???

<frozen importlib._bootstrap_external>:790: 
_ _ _ _ _ _ _ _ _ _ _ _ _ _ _ _ _ _ _ _ _ _ _ _ _ _ _ _ _ _ _ _ _ _ _ _ _ _ _ _ 

f = <built-in function exec>
args = (<code object <module> at 0x7fb421a36030, file "/Users/macbook-pro/Documents/praktikum/api_group/api_yamdb/api_yamdb/u... from django.urls import include, path\n    2. Add a URL to urlpatterns:  path('blog/', include('blog.urls'))\n", ...})
kwds = {}

>   ???

<frozen importlib._bootstrap>:228: 
_ _ _ _ _ _ _ _ _ _ _ _ _ _ _ _ _ _ _ _ _ _ _ _ _ _ _ _ _ _ _ _ _ _ _ _ _ _ _ _ 

    """YaMDb URL Configuration
    
    The `urlpatterns` list routes URLs to views. For more information please see:
        https://docs.djangoproject.com/en/3.2/topics/http/urls/
    Examples:
    Function views
        1. Add an import:  from my_app import views
        2. Add a URL to urlpatterns:  path('', views.home, name='home')
    Class-based views
        1. Add an import:  from other_app.views import Home
        2. Add a URL to urlpatterns:  path('', Home.as_view(), name='home')
    Including another URLconf
        1. Import the include() function: from django.urls import include, path
        2. Add a URL to urlpatterns:  path('blog/', include('blog.urls'))
    """
    from django.contrib import admin
    from django.urls import path, include
    from django.views.generic import TemplateView
    
    urlpatterns = [
        path('admin/', admin.site.urls),
        path(
            'redoc/',
            TemplateView.as_view(template_name='redoc.html'),
            name='redoc'
        ),
>       path('api/', include('api.urls')),
    
    ]

api_yamdb/api_yamdb/urls.py:27: 
_ _ _ _ _ _ _ _ _ _ _ _ _ _ _ _ _ _ _ _ _ _ _ _ _ _ _ _ _ _ _ _ _ _ _ _ _ _ _ _ 

arg = 'api.urls', namespace = None

    def include(arg, namespace=None):
        app_name = None
        if isinstance(arg, tuple):
            # Callable returning a namespace hint.
            try:
                urlconf_module, app_name = arg
            except ValueError:
                if namespace:
                    raise ImproperlyConfigured(
                        'Cannot override the namespace for a dynamic module that '
                        'provides a namespace.'
                    )
                raise ImproperlyConfigured(
                    'Passing a %d-tuple to include() is not supported. Pass a '
                    '2-tuple containing the list of patterns and app_name, and '
                    'provide the namespace argument to include() instead.' % len(arg)
                )
        else:
            # No namespace hint - use manually provided namespace.
            urlconf_module = arg
    
        if isinstance(urlconf_module, str):
>           urlconf_module = import_module(urlconf_module)

env/lib/python3.9/site-packages/django/urls/conf.py:34: 
_ _ _ _ _ _ _ _ _ _ _ _ _ _ _ _ _ _ _ _ _ _ _ _ _ _ _ _ _ _ _ _ _ _ _ _ _ _ _ _ 

name = 'api.urls', package = None

    def import_module(name, package=None):
        """Import a module.
    
        The 'package' argument is required when performing a relative import. It
        specifies the package to use as the anchor point from which to resolve the
        relative import to an absolute import.
    
        """
        level = 0
        if name.startswith('.'):
            if not package:
                msg = ("the 'package' argument is required to perform a relative "
                       "import for {!r}")
                raise TypeError(msg.format(name))
            for character in name:
                if character != '.':
                    break
                level += 1
>       return _bootstrap._gcd_import(name[level:], package, level)

/Library/Frameworks/Python.framework/Versions/3.9/lib/python3.9/importlib/__init__.py:127: 
_ _ _ _ _ _ _ _ _ _ _ _ _ _ _ _ _ _ _ _ _ _ _ _ _ _ _ _ _ _ _ _ _ _ _ _ _ _ _ _ 

name = 'api.urls', package = None, level = 0

>   ???

<frozen importlib._bootstrap>:1030: 
_ _ _ _ _ _ _ _ _ _ _ _ _ _ _ _ _ _ _ _ _ _ _ _ _ _ _ _ _ _ _ _ _ _ _ _ _ _ _ _ 

name = 'api.urls', import_ = <function _gcd_import at 0x7fb420099310>

>   ???

<frozen importlib._bootstrap>:1007: 
_ _ _ _ _ _ _ _ _ _ _ _ _ _ _ _ _ _ _ _ _ _ _ _ _ _ _ _ _ _ _ _ _ _ _ _ _ _ _ _ 

name = 'api.urls', import_ = <function _gcd_import at 0x7fb420099310>

>   ???

<frozen importlib._bootstrap>:986: 
_ _ _ _ _ _ _ _ _ _ _ _ _ _ _ _ _ _ _ _ _ _ _ _ _ _ _ _ _ _ _ _ _ _ _ _ _ _ _ _ 

spec = ModuleSpec(name='api.urls', loader=<_frozen_importlib_external.SourceFileLoader object at 0x7fb421a9a250>, origin='/Users/macbook-pro/Documents/praktikum/api_group/api_yamdb/api/urls.py')

>   ???

<frozen importlib._bootstrap>:680: 
_ _ _ _ _ _ _ _ _ _ _ _ _ _ _ _ _ _ _ _ _ _ _ _ _ _ _ _ _ _ _ _ _ _ _ _ _ _ _ _ 

self = <_frozen_importlib_external.SourceFileLoader object at 0x7fb421a9a250>
module = <module 'api.urls' from '/Users/macbook-pro/Documents/praktikum/api_group/api_yamdb/api/urls.py'>

>   ???

<frozen importlib._bootstrap_external>:790: 
_ _ _ _ _ _ _ _ _ _ _ _ _ _ _ _ _ _ _ _ _ _ _ _ _ _ _ _ _ _ _ _ _ _ _ _ _ _ _ _ 

f = <built-in function exec>
args = (<code object <module> at 0x7fb421a9e0e0, file "/Users/macbook-pro/Documents/praktikum/api_group/api_yamdb/api/urls.py.../Users/macbook-pro/Documents/praktikum/api_group/api_yamdb/api/__pycache__/urls.cpython-39.pyc', '__doc__': None, ...})
kwds = {}

>   ???

<frozen importlib._bootstrap>:228: 
_ _ _ _ _ _ _ _ _ _ _ _ _ _ _ _ _ _ _ _ _ _ _ _ _ _ _ _ _ _ _ _ _ _ _ _ _ _ _ _ 

    from django.urls import include, path
    from rest_framework.routers import DefaultRouter
>   from api.views import CategoryViewSet, GenreViewSet, TitleViewSet, UserViewSet

api_yamdb/api/urls.py:3: 
_ _ _ _ _ _ _ _ _ _ _ _ _ _ _ _ _ _ _ _ _ _ _ _ _ _ _ _ _ _ _ _ _ _ _ _ _ _ _ _ 

    from django.conf import settings
    from django.contrib.auth.tokens import default_token_generator
    from django.core.mail import send_mail
    from django.db import IntegrityError
    from rest_framework import status
    from rest_framework import viewsets
    from rest_framework.decorators import action, api_view
    from rest_framework.generics import get_object_or_404
    from rest_framework.pagination import PageNumberPagination
    from rest_framework.permissions import IsAuthenticated
    from rest_framework.response import Response
    from rest_framework_simplejwt.tokens import AccessToken
    
    from reviews.models import Category, Genre, Title
    from .permissions import IsAdminOrReadOnly
    from .serializers import (CategorySerializer, GenreSerializer,
                              TitleSerializer, TokenSerializer,
                              SignupSerializer, UserEditSerializer,
                              UserSerializer)
    from users.models import User
    
    
    class CategoryViewSet(viewsets.ModelViewSet):
        queryset = Category.objects.all()
        serializer_class = CategorySerializer
        lookup_field = 'slug'
        permission_classes = [IsAdminOrReadOnly]
    
    
>   class GenreViewSet(viewsets.ModelViewSet):

api_yamdb/api/views.py:30: 
_ _ _ _ _ _ _ _ _ _ _ _ _ _ _ _ _ _ _ _ _ _ _ _ _ _ _ _ _ _ _ _ _ _ _ _ _ _ _ _ 

    class GenreViewSet(viewsets.ModelViewSet):
        queryset = Genre.objects.all()
        serializer_class = GenreSerializer
        lookup_field = 'slug'
>       permission_classes = [IsAdminUser]  # Доступ только для администраторов
E       NameError: name 'IsAdminUser' is not defined

api_yamdb/api/views.py:34: NameError

During handling of the above exception, another exception occurred:

request = <WSGIRequest: GET '/api/v1/genres/'>

    @wraps(get_response)
    def inner(request):
        try:
>           response = get_response(request)

env/lib/python3.9/site-packages/django/core/handlers/exception.py:47: 
_ _ _ _ _ _ _ _ _ _ _ _ _ _ _ _ _ _ _ _ _ _ _ _ _ _ _ _ _ _ _ _ _ _ _ _ _ _ _ _ 

self = <django.contrib.messages.middleware.MessageMiddleware object at 0x7fb4219e7490>
request = <WSGIRequest: GET '/api/v1/genres/'>

    def __call__(self, request):
        # Exit out to async mode, if needed
        if asyncio.iscoroutinefunction(self.get_response):
            return self.__acall__(request)
        response = None
        if hasattr(self, 'process_request'):
            response = self.process_request(request)
>       response = response or self.get_response(request)

env/lib/python3.9/site-packages/django/utils/deprecation.py:117: 
_ _ _ _ _ _ _ _ _ _ _ _ _ _ _ _ _ _ _ _ _ _ _ _ _ _ _ _ _ _ _ _ _ _ _ _ _ _ _ _ 

request = <WSGIRequest: GET '/api/v1/genres/'>

    @wraps(get_response)
    def inner(request):
        try:
            response = get_response(request)
        except Exception as exc:
>           response = response_for_exception(request, exc)

env/lib/python3.9/site-packages/django/core/handlers/exception.py:49: 
_ _ _ _ _ _ _ _ _ _ _ _ _ _ _ _ _ _ _ _ _ _ _ _ _ _ _ _ _ _ _ _ _ _ _ _ _ _ _ _ 

request = <WSGIRequest: GET '/api/v1/genres/'>
exc = NameError("name 'IsAdminUser' is not defined")

    def response_for_exception(request, exc):
        if isinstance(exc, Http404):
            if settings.DEBUG:
                response = debug.technical_404_response(request, exc)
            else:
                response = get_exception_response(request, get_resolver(get_urlconf()), 404, exc)
    
        elif isinstance(exc, PermissionDenied):
            response = get_exception_response(request, get_resolver(get_urlconf()), 403, exc)
            log_response(
                'Forbidden (Permission denied): %s', request.path,
                response=response,
                request=request,
                exc_info=sys.exc_info(),
            )
    
        elif isinstance(exc, MultiPartParserError):
            response = get_exception_response(request, get_resolver(get_urlconf()), 400, exc)
            log_response(
                'Bad request (Unable to parse request body): %s', request.path,
                response=response,
                request=request,
                exc_info=sys.exc_info(),
            )
    
        elif isinstance(exc, BadRequest):
            if settings.DEBUG:
                response = debug.technical_500_response(request, *sys.exc_info(), status_code=400)
            else:
                response = get_exception_response(request, get_resolver(get_urlconf()), 400, exc)
            log_response(
                '%s: %s', str(exc), request.path,
                response=response,
                request=request,
                exc_info=sys.exc_info(),
            )
        elif isinstance(exc, SuspiciousOperation):
            if isinstance(exc, (RequestDataTooBig, TooManyFieldsSent)):
                # POST data can't be accessed again, otherwise the original
                # exception would be raised.
                request._mark_post_parse_error()
    
            # The request logger receives events for any problematic request
            # The security logger receives events for all SuspiciousOperations
            security_logger = logging.getLogger('django.security.%s' % exc.__class__.__name__)
            security_logger.error(
                str(exc),
                extra={'status_code': 400, 'request': request},
            )
            if settings.DEBUG:
                response = debug.technical_500_response(request, *sys.exc_info(), status_code=400)
            else:
                response = get_exception_response(request, get_resolver(get_urlconf()), 400, exc)
    
        elif isinstance(exc, SystemExit):
            # Allow sys.exit() to actually exit. See tickets #1023 and #4701
            raise
    
        else:
            signals.got_request_exception.send(sender=None, request=request)
>           response = handle_uncaught_exception(request, get_resolver(get_urlconf()), sys.exc_info())

env/lib/python3.9/site-packages/django/core/handlers/exception.py:114: 
_ _ _ _ _ _ _ _ _ _ _ _ _ _ _ _ _ _ _ _ _ _ _ _ _ _ _ _ _ _ _ _ _ _ _ _ _ _ _ _ 

request = <WSGIRequest: GET '/api/v1/genres/'>
resolver = <URLResolver 'api_yamdb.urls' (None:None) '^/'>
exc_info = (<class 'NameError'>, NameError("name 'IsAdminUser' is not defined"), <traceback object at 0x7fb421a35100>)

    def handle_uncaught_exception(request, resolver, exc_info):
        """
        Processing for any otherwise uncaught exceptions (those that will
        generate HTTP 500 responses).
        """
        if settings.DEBUG_PROPAGATE_EXCEPTIONS:
            raise
    
        if settings.DEBUG:
            return debug.technical_500_response(request, *exc_info)
    
        # Return an HttpResponse that displays a friendly error message.
>       callback = resolver.resolve_error_handler(500)

env/lib/python3.9/site-packages/django/core/handlers/exception.py:152: 
_ _ _ _ _ _ _ _ _ _ _ _ _ _ _ _ _ _ _ _ _ _ _ _ _ _ _ _ _ _ _ _ _ _ _ _ _ _ _ _ 

self = <URLResolver 'api_yamdb.urls' (None:None) '^/'>, view_type = 500

    def resolve_error_handler(self, view_type):
>       callback = getattr(self.urlconf_module, 'handler%s' % view_type, None)

env/lib/python3.9/site-packages/django/urls/resolvers.py:611: 
_ _ _ _ _ _ _ _ _ _ _ _ _ _ _ _ _ _ _ _ _ _ _ _ _ _ _ _ _ _ _ _ _ _ _ _ _ _ _ _ 

self = <django.utils.functional.cached_property object at 0x7fb4000fdac0>
instance = <URLResolver 'api_yamdb.urls' (None:None) '^/'>
cls = <class 'django.urls.resolvers.URLResolver'>

    def __get__(self, instance, cls=None):
        """
        Call the function and put the return value in instance.__dict__ so that
        subsequent attribute access on the instance returns the cached value
        instead of calling cached_property.__get__().
        """
        if instance is None:
            return self
>       res = instance.__dict__[self.name] = self.func(instance)

env/lib/python3.9/site-packages/django/utils/functional.py:48: 
_ _ _ _ _ _ _ _ _ _ _ _ _ _ _ _ _ _ _ _ _ _ _ _ _ _ _ _ _ _ _ _ _ _ _ _ _ _ _ _ 

self = <URLResolver 'api_yamdb.urls' (None:None) '^/'>

    @cached_property
    def urlconf_module(self):
        if isinstance(self.urlconf_name, str):
>           return import_module(self.urlconf_name)

env/lib/python3.9/site-packages/django/urls/resolvers.py:591: 
_ _ _ _ _ _ _ _ _ _ _ _ _ _ _ _ _ _ _ _ _ _ _ _ _ _ _ _ _ _ _ _ _ _ _ _ _ _ _ _ 

name = 'api_yamdb.urls', package = None

    def import_module(name, package=None):
        """Import a module.
    
        The 'package' argument is required when performing a relative import. It
        specifies the package to use as the anchor point from which to resolve the
        relative import to an absolute import.
    
        """
        level = 0
        if name.startswith('.'):
            if not package:
                msg = ("the 'package' argument is required to perform a relative "
                       "import for {!r}")
                raise TypeError(msg.format(name))
            for character in name:
                if character != '.':
                    break
                level += 1
>       return _bootstrap._gcd_import(name[level:], package, level)

/Library/Frameworks/Python.framework/Versions/3.9/lib/python3.9/importlib/__init__.py:127: 
_ _ _ _ _ _ _ _ _ _ _ _ _ _ _ _ _ _ _ _ _ _ _ _ _ _ _ _ _ _ _ _ _ _ _ _ _ _ _ _ 

name = 'api_yamdb.urls', package = None, level = 0

>   ???

<frozen importlib._bootstrap>:1030: 
_ _ _ _ _ _ _ _ _ _ _ _ _ _ _ _ _ _ _ _ _ _ _ _ _ _ _ _ _ _ _ _ _ _ _ _ _ _ _ _ 

name = 'api_yamdb.urls', import_ = <function _gcd_import at 0x7fb420099310>

>   ???

<frozen importlib._bootstrap>:1007: 
_ _ _ _ _ _ _ _ _ _ _ _ _ _ _ _ _ _ _ _ _ _ _ _ _ _ _ _ _ _ _ _ _ _ _ _ _ _ _ _ 

name = 'api_yamdb.urls', import_ = <function _gcd_import at 0x7fb420099310>

>   ???

<frozen importlib._bootstrap>:986: 
_ _ _ _ _ _ _ _ _ _ _ _ _ _ _ _ _ _ _ _ _ _ _ _ _ _ _ _ _ _ _ _ _ _ _ _ _ _ _ _ 

spec = ModuleSpec(name='api_yamdb.urls', loader=<_frozen_importlib_external.SourceFileLoader object at 0x7fb40023ecd0>, origin='/Users/macbook-pro/Documents/praktikum/api_group/api_yamdb/api_yamdb/urls.py')

>   ???

<frozen importlib._bootstrap>:680: 
_ _ _ _ _ _ _ _ _ _ _ _ _ _ _ _ _ _ _ _ _ _ _ _ _ _ _ _ _ _ _ _ _ _ _ _ _ _ _ _ 

self = <_frozen_importlib_external.SourceFileLoader object at 0x7fb40023ecd0>
module = <module 'api_yamdb.urls' from '/Users/macbook-pro/Documents/praktikum/api_group/api_yamdb/api_yamdb/urls.py'>

>   ???

<frozen importlib._bootstrap_external>:790: 
_ _ _ _ _ _ _ _ _ _ _ _ _ _ _ _ _ _ _ _ _ _ _ _ _ _ _ _ _ _ _ _ _ _ _ _ _ _ _ _ 

f = <built-in function exec>
args = (<code object <module> at 0x7fb421a9cea0, file "/Users/macbook-pro/Documents/praktikum/api_group/api_yamdb/api_yamdb/u... from django.urls import include, path\n    2. Add a URL to urlpatterns:  path('blog/', include('blog.urls'))\n", ...})
kwds = {}

>   ???

<frozen importlib._bootstrap>:228: 
_ _ _ _ _ _ _ _ _ _ _ _ _ _ _ _ _ _ _ _ _ _ _ _ _ _ _ _ _ _ _ _ _ _ _ _ _ _ _ _ 

    """YaMDb URL Configuration
    
    The `urlpatterns` list routes URLs to views. For more information please see:
        https://docs.djangoproject.com/en/3.2/topics/http/urls/
    Examples:
    Function views
        1. Add an import:  from my_app import views
        2. Add a URL to urlpatterns:  path('', views.home, name='home')
    Class-based views
        1. Add an import:  from other_app.views import Home
        2. Add a URL to urlpatterns:  path('', Home.as_view(), name='home')
    Including another URLconf
        1. Import the include() function: from django.urls import include, path
        2. Add a URL to urlpatterns:  path('blog/', include('blog.urls'))
    """
    from django.contrib import admin
    from django.urls import path, include
    from django.views.generic import TemplateView
    
    urlpatterns = [
        path('admin/', admin.site.urls),
        path(
            'redoc/',
            TemplateView.as_view(template_name='redoc.html'),
            name='redoc'
        ),
>       path('api/', include('api.urls')),
    
    ]

api_yamdb/api_yamdb/urls.py:27: 
_ _ _ _ _ _ _ _ _ _ _ _ _ _ _ _ _ _ _ _ _ _ _ _ _ _ _ _ _ _ _ _ _ _ _ _ _ _ _ _ 

arg = 'api.urls', namespace = None

    def include(arg, namespace=None):
        app_name = None
        if isinstance(arg, tuple):
            # Callable returning a namespace hint.
            try:
                urlconf_module, app_name = arg
            except ValueError:
                if namespace:
                    raise ImproperlyConfigured(
                        'Cannot override the namespace for a dynamic module that '
                        'provides a namespace.'
                    )
                raise ImproperlyConfigured(
                    'Passing a %d-tuple to include() is not supported. Pass a '
                    '2-tuple containing the list of patterns and app_name, and '
                    'provide the namespace argument to include() instead.' % len(arg)
                )
        else:
            # No namespace hint - use manually provided namespace.
            urlconf_module = arg
    
        if isinstance(urlconf_module, str):
>           urlconf_module = import_module(urlconf_module)

env/lib/python3.9/site-packages/django/urls/conf.py:34: 
_ _ _ _ _ _ _ _ _ _ _ _ _ _ _ _ _ _ _ _ _ _ _ _ _ _ _ _ _ _ _ _ _ _ _ _ _ _ _ _ 

name = 'api.urls', package = None

    def import_module(name, package=None):
        """Import a module.
    
        The 'package' argument is required when performing a relative import. It
        specifies the package to use as the anchor point from which to resolve the
        relative import to an absolute import.
    
        """
        level = 0
        if name.startswith('.'):
            if not package:
                msg = ("the 'package' argument is required to perform a relative "
                       "import for {!r}")
                raise TypeError(msg.format(name))
            for character in name:
                if character != '.':
                    break
                level += 1
>       return _bootstrap._gcd_import(name[level:], package, level)

/Library/Frameworks/Python.framework/Versions/3.9/lib/python3.9/importlib/__init__.py:127: 
_ _ _ _ _ _ _ _ _ _ _ _ _ _ _ _ _ _ _ _ _ _ _ _ _ _ _ _ _ _ _ _ _ _ _ _ _ _ _ _ 

name = 'api.urls', package = None, level = 0

>   ???

<frozen importlib._bootstrap>:1030: 
_ _ _ _ _ _ _ _ _ _ _ _ _ _ _ _ _ _ _ _ _ _ _ _ _ _ _ _ _ _ _ _ _ _ _ _ _ _ _ _ 

name = 'api.urls', import_ = <function _gcd_import at 0x7fb420099310>

>   ???

<frozen importlib._bootstrap>:1007: 
_ _ _ _ _ _ _ _ _ _ _ _ _ _ _ _ _ _ _ _ _ _ _ _ _ _ _ _ _ _ _ _ _ _ _ _ _ _ _ _ 

name = 'api.urls', import_ = <function _gcd_import at 0x7fb420099310>

>   ???

<frozen importlib._bootstrap>:986: 
_ _ _ _ _ _ _ _ _ _ _ _ _ _ _ _ _ _ _ _ _ _ _ _ _ _ _ _ _ _ _ _ _ _ _ _ _ _ _ _ 

spec = ModuleSpec(name='api.urls', loader=<_frozen_importlib_external.SourceFileLoader object at 0x7fb421a9aa90>, origin='/Users/macbook-pro/Documents/praktikum/api_group/api_yamdb/api/urls.py')

>   ???

<frozen importlib._bootstrap>:680: 
_ _ _ _ _ _ _ _ _ _ _ _ _ _ _ _ _ _ _ _ _ _ _ _ _ _ _ _ _ _ _ _ _ _ _ _ _ _ _ _ 

self = <_frozen_importlib_external.SourceFileLoader object at 0x7fb421a9aa90>
module = <module 'api.urls' from '/Users/macbook-pro/Documents/praktikum/api_group/api_yamdb/api/urls.py'>

>   ???

<frozen importlib._bootstrap_external>:790: 
_ _ _ _ _ _ _ _ _ _ _ _ _ _ _ _ _ _ _ _ _ _ _ _ _ _ _ _ _ _ _ _ _ _ _ _ _ _ _ _ 

f = <built-in function exec>
args = (<code object <module> at 0x7fb421aa3be0, file "/Users/macbook-pro/Documents/praktikum/api_group/api_yamdb/api/urls.py.../Users/macbook-pro/Documents/praktikum/api_group/api_yamdb/api/__pycache__/urls.cpython-39.pyc', '__doc__': None, ...})
kwds = {}

>   ???

<frozen importlib._bootstrap>:228: 
_ _ _ _ _ _ _ _ _ _ _ _ _ _ _ _ _ _ _ _ _ _ _ _ _ _ _ _ _ _ _ _ _ _ _ _ _ _ _ _ 

    from django.urls import include, path
    from rest_framework.routers import DefaultRouter
>   from api.views import CategoryViewSet, GenreViewSet, TitleViewSet, UserViewSet

api_yamdb/api/urls.py:3: 
_ _ _ _ _ _ _ _ _ _ _ _ _ _ _ _ _ _ _ _ _ _ _ _ _ _ _ _ _ _ _ _ _ _ _ _ _ _ _ _ 

    from django.conf import settings
    from django.contrib.auth.tokens import default_token_generator
    from django.core.mail import send_mail
    from django.db import IntegrityError
    from rest_framework import status
    from rest_framework import viewsets
    from rest_framework.decorators import action, api_view
    from rest_framework.generics import get_object_or_404
    from rest_framework.pagination import PageNumberPagination
    from rest_framework.permissions import IsAuthenticated
    from rest_framework.response import Response
    from rest_framework_simplejwt.tokens import AccessToken
    
    from reviews.models import Category, Genre, Title
    from .permissions import IsAdminOrReadOnly
    from .serializers import (CategorySerializer, GenreSerializer,
                              TitleSerializer, TokenSerializer,
                              SignupSerializer, UserEditSerializer,
                              UserSerializer)
    from users.models import User
    
    
    class CategoryViewSet(viewsets.ModelViewSet):
        queryset = Category.objects.all()
        serializer_class = CategorySerializer
        lookup_field = 'slug'
        permission_classes = [IsAdminOrReadOnly]
    
    
>   class GenreViewSet(viewsets.ModelViewSet):

api_yamdb/api/views.py:30: 
_ _ _ _ _ _ _ _ _ _ _ _ _ _ _ _ _ _ _ _ _ _ _ _ _ _ _ _ _ _ _ _ _ _ _ _ _ _ _ _ 

    class GenreViewSet(viewsets.ModelViewSet):
        queryset = Genre.objects.all()
        serializer_class = GenreSerializer
        lookup_field = 'slug'
>       permission_classes = [IsAdminUser]  # Доступ только для администраторов
E       NameError: name 'IsAdminUser' is not defined

api_yamdb/api/views.py:34: NameError

During handling of the above exception, another exception occurred:

request = <WSGIRequest: GET '/api/v1/genres/'>

    @wraps(get_response)
    def inner(request):
        try:
>           response = get_response(request)

env/lib/python3.9/site-packages/django/core/handlers/exception.py:47: 
_ _ _ _ _ _ _ _ _ _ _ _ _ _ _ _ _ _ _ _ _ _ _ _ _ _ _ _ _ _ _ _ _ _ _ _ _ _ _ _ 

self = <django.contrib.auth.middleware.AuthenticationMiddleware object at 0x7fb4219eb190>
request = <WSGIRequest: GET '/api/v1/genres/'>

    def __call__(self, request):
        # Exit out to async mode, if needed
        if asyncio.iscoroutinefunction(self.get_response):
            return self.__acall__(request)
        response = None
        if hasattr(self, 'process_request'):
            response = self.process_request(request)
>       response = response or self.get_response(request)

env/lib/python3.9/site-packages/django/utils/deprecation.py:117: 
_ _ _ _ _ _ _ _ _ _ _ _ _ _ _ _ _ _ _ _ _ _ _ _ _ _ _ _ _ _ _ _ _ _ _ _ _ _ _ _ 

request = <WSGIRequest: GET '/api/v1/genres/'>

    @wraps(get_response)
    def inner(request):
        try:
            response = get_response(request)
        except Exception as exc:
>           response = response_for_exception(request, exc)

env/lib/python3.9/site-packages/django/core/handlers/exception.py:49: 
_ _ _ _ _ _ _ _ _ _ _ _ _ _ _ _ _ _ _ _ _ _ _ _ _ _ _ _ _ _ _ _ _ _ _ _ _ _ _ _ 

request = <WSGIRequest: GET '/api/v1/genres/'>
exc = NameError("name 'IsAdminUser' is not defined")

    def response_for_exception(request, exc):
        if isinstance(exc, Http404):
            if settings.DEBUG:
                response = debug.technical_404_response(request, exc)
            else:
                response = get_exception_response(request, get_resolver(get_urlconf()), 404, exc)
    
        elif isinstance(exc, PermissionDenied):
            response = get_exception_response(request, get_resolver(get_urlconf()), 403, exc)
            log_response(
                'Forbidden (Permission denied): %s', request.path,
                response=response,
                request=request,
                exc_info=sys.exc_info(),
            )
    
        elif isinstance(exc, MultiPartParserError):
            response = get_exception_response(request, get_resolver(get_urlconf()), 400, exc)
            log_response(
                'Bad request (Unable to parse request body): %s', request.path,
                response=response,
                request=request,
                exc_info=sys.exc_info(),
            )
    
        elif isinstance(exc, BadRequest):
            if settings.DEBUG:
                response = debug.technical_500_response(request, *sys.exc_info(), status_code=400)
            else:
                response = get_exception_response(request, get_resolver(get_urlconf()), 400, exc)
            log_response(
                '%s: %s', str(exc), request.path,
                response=response,
                request=request,
                exc_info=sys.exc_info(),
            )
        elif isinstance(exc, SuspiciousOperation):
            if isinstance(exc, (RequestDataTooBig, TooManyFieldsSent)):
                # POST data can't be accessed again, otherwise the original
                # exception would be raised.
                request._mark_post_parse_error()
    
            # The request logger receives events for any problematic request
            # The security logger receives events for all SuspiciousOperations
            security_logger = logging.getLogger('django.security.%s' % exc.__class__.__name__)
            security_logger.error(
                str(exc),
                extra={'status_code': 400, 'request': request},
            )
            if settings.DEBUG:
                response = debug.technical_500_response(request, *sys.exc_info(), status_code=400)
            else:
                response = get_exception_response(request, get_resolver(get_urlconf()), 400, exc)
    
        elif isinstance(exc, SystemExit):
            # Allow sys.exit() to actually exit. See tickets #1023 and #4701
            raise
    
        else:
            signals.got_request_exception.send(sender=None, request=request)
>           response = handle_uncaught_exception(request, get_resolver(get_urlconf()), sys.exc_info())

env/lib/python3.9/site-packages/django/core/handlers/exception.py:114: 
_ _ _ _ _ _ _ _ _ _ _ _ _ _ _ _ _ _ _ _ _ _ _ _ _ _ _ _ _ _ _ _ _ _ _ _ _ _ _ _ 

request = <WSGIRequest: GET '/api/v1/genres/'>
resolver = <URLResolver 'api_yamdb.urls' (None:None) '^/'>
exc_info = (<class 'NameError'>, NameError("name 'IsAdminUser' is not defined"), <traceback object at 0x7fb421a9d4c0>)

    def handle_uncaught_exception(request, resolver, exc_info):
        """
        Processing for any otherwise uncaught exceptions (those that will
        generate HTTP 500 responses).
        """
        if settings.DEBUG_PROPAGATE_EXCEPTIONS:
            raise
    
        if settings.DEBUG:
            return debug.technical_500_response(request, *exc_info)
    
        # Return an HttpResponse that displays a friendly error message.
>       callback = resolver.resolve_error_handler(500)

env/lib/python3.9/site-packages/django/core/handlers/exception.py:152: 
_ _ _ _ _ _ _ _ _ _ _ _ _ _ _ _ _ _ _ _ _ _ _ _ _ _ _ _ _ _ _ _ _ _ _ _ _ _ _ _ 

self = <URLResolver 'api_yamdb.urls' (None:None) '^/'>, view_type = 500

    def resolve_error_handler(self, view_type):
>       callback = getattr(self.urlconf_module, 'handler%s' % view_type, None)

env/lib/python3.9/site-packages/django/urls/resolvers.py:611: 
_ _ _ _ _ _ _ _ _ _ _ _ _ _ _ _ _ _ _ _ _ _ _ _ _ _ _ _ _ _ _ _ _ _ _ _ _ _ _ _ 

self = <django.utils.functional.cached_property object at 0x7fb4000fdac0>
instance = <URLResolver 'api_yamdb.urls' (None:None) '^/'>
cls = <class 'django.urls.resolvers.URLResolver'>

    def __get__(self, instance, cls=None):
        """
        Call the function and put the return value in instance.__dict__ so that
        subsequent attribute access on the instance returns the cached value
        instead of calling cached_property.__get__().
        """
        if instance is None:
            return self
>       res = instance.__dict__[self.name] = self.func(instance)

env/lib/python3.9/site-packages/django/utils/functional.py:48: 
_ _ _ _ _ _ _ _ _ _ _ _ _ _ _ _ _ _ _ _ _ _ _ _ _ _ _ _ _ _ _ _ _ _ _ _ _ _ _ _ 

self = <URLResolver 'api_yamdb.urls' (None:None) '^/'>

    @cached_property
    def urlconf_module(self):
        if isinstance(self.urlconf_name, str):
>           return import_module(self.urlconf_name)

env/lib/python3.9/site-packages/django/urls/resolvers.py:591: 
_ _ _ _ _ _ _ _ _ _ _ _ _ _ _ _ _ _ _ _ _ _ _ _ _ _ _ _ _ _ _ _ _ _ _ _ _ _ _ _ 

name = 'api_yamdb.urls', package = None

    def import_module(name, package=None):
        """Import a module.
    
        The 'package' argument is required when performing a relative import. It
        specifies the package to use as the anchor point from which to resolve the
        relative import to an absolute import.
    
        """
        level = 0
        if name.startswith('.'):
            if not package:
                msg = ("the 'package' argument is required to perform a relative "
                       "import for {!r}")
                raise TypeError(msg.format(name))
            for character in name:
                if character != '.':
                    break
                level += 1
>       return _bootstrap._gcd_import(name[level:], package, level)

/Library/Frameworks/Python.framework/Versions/3.9/lib/python3.9/importlib/__init__.py:127: 
_ _ _ _ _ _ _ _ _ _ _ _ _ _ _ _ _ _ _ _ _ _ _ _ _ _ _ _ _ _ _ _ _ _ _ _ _ _ _ _ 

name = 'api_yamdb.urls', package = None, level = 0

>   ???

<frozen importlib._bootstrap>:1030: 
_ _ _ _ _ _ _ _ _ _ _ _ _ _ _ _ _ _ _ _ _ _ _ _ _ _ _ _ _ _ _ _ _ _ _ _ _ _ _ _ 

name = 'api_yamdb.urls', import_ = <function _gcd_import at 0x7fb420099310>

>   ???

<frozen importlib._bootstrap>:1007: 
_ _ _ _ _ _ _ _ _ _ _ _ _ _ _ _ _ _ _ _ _ _ _ _ _ _ _ _ _ _ _ _ _ _ _ _ _ _ _ _ 

name = 'api_yamdb.urls', import_ = <function _gcd_import at 0x7fb420099310>

>   ???

<frozen importlib._bootstrap>:986: 
_ _ _ _ _ _ _ _ _ _ _ _ _ _ _ _ _ _ _ _ _ _ _ _ _ _ _ _ _ _ _ _ _ _ _ _ _ _ _ _ 

spec = ModuleSpec(name='api_yamdb.urls', loader=<_frozen_importlib_external.SourceFileLoader object at 0x7fb40023e460>, origin='/Users/macbook-pro/Documents/praktikum/api_group/api_yamdb/api_yamdb/urls.py')

>   ???

<frozen importlib._bootstrap>:680: 
_ _ _ _ _ _ _ _ _ _ _ _ _ _ _ _ _ _ _ _ _ _ _ _ _ _ _ _ _ _ _ _ _ _ _ _ _ _ _ _ 

self = <_frozen_importlib_external.SourceFileLoader object at 0x7fb40023e460>
module = <module 'api_yamdb.urls' from '/Users/macbook-pro/Documents/praktikum/api_group/api_yamdb/api_yamdb/urls.py'>

>   ???

<frozen importlib._bootstrap_external>:790: 
_ _ _ _ _ _ _ _ _ _ _ _ _ _ _ _ _ _ _ _ _ _ _ _ _ _ _ _ _ _ _ _ _ _ _ _ _ _ _ _ 

f = <built-in function exec>
args = (<code object <module> at 0x7fb40023b450, file "/Users/macbook-pro/Documents/praktikum/api_group/api_yamdb/api_yamdb/u... from django.urls import include, path\n    2. Add a URL to urlpatterns:  path('blog/', include('blog.urls'))\n", ...})
kwds = {}

>   ???

<frozen importlib._bootstrap>:228: 
_ _ _ _ _ _ _ _ _ _ _ _ _ _ _ _ _ _ _ _ _ _ _ _ _ _ _ _ _ _ _ _ _ _ _ _ _ _ _ _ 

    """YaMDb URL Configuration
    
    The `urlpatterns` list routes URLs to views. For more information please see:
        https://docs.djangoproject.com/en/3.2/topics/http/urls/
    Examples:
    Function views
        1. Add an import:  from my_app import views
        2. Add a URL to urlpatterns:  path('', views.home, name='home')
    Class-based views
        1. Add an import:  from other_app.views import Home
        2. Add a URL to urlpatterns:  path('', Home.as_view(), name='home')
    Including another URLconf
        1. Import the include() function: from django.urls import include, path
        2. Add a URL to urlpatterns:  path('blog/', include('blog.urls'))
    """
    from django.contrib import admin
    from django.urls import path, include
    from django.views.generic import TemplateView
    
    urlpatterns = [
        path('admin/', admin.site.urls),
        path(
            'redoc/',
            TemplateView.as_view(template_name='redoc.html'),
            name='redoc'
        ),
>       path('api/', include('api.urls')),
    
    ]

api_yamdb/api_yamdb/urls.py:27: 
_ _ _ _ _ _ _ _ _ _ _ _ _ _ _ _ _ _ _ _ _ _ _ _ _ _ _ _ _ _ _ _ _ _ _ _ _ _ _ _ 

arg = 'api.urls', namespace = None

    def include(arg, namespace=None):
        app_name = None
        if isinstance(arg, tuple):
            # Callable returning a namespace hint.
            try:
                urlconf_module, app_name = arg
            except ValueError:
                if namespace:
                    raise ImproperlyConfigured(
                        'Cannot override the namespace for a dynamic module that '
                        'provides a namespace.'
                    )
                raise ImproperlyConfigured(
                    'Passing a %d-tuple to include() is not supported. Pass a '
                    '2-tuple containing the list of patterns and app_name, and '
                    'provide the namespace argument to include() instead.' % len(arg)
                )
        else:
            # No namespace hint - use manually provided namespace.
            urlconf_module = arg
    
        if isinstance(urlconf_module, str):
>           urlconf_module = import_module(urlconf_module)

env/lib/python3.9/site-packages/django/urls/conf.py:34: 
_ _ _ _ _ _ _ _ _ _ _ _ _ _ _ _ _ _ _ _ _ _ _ _ _ _ _ _ _ _ _ _ _ _ _ _ _ _ _ _ 

name = 'api.urls', package = None

    def import_module(name, package=None):
        """Import a module.
    
        The 'package' argument is required when performing a relative import. It
        specifies the package to use as the anchor point from which to resolve the
        relative import to an absolute import.
    
        """
        level = 0
        if name.startswith('.'):
            if not package:
                msg = ("the 'package' argument is required to perform a relative "
                       "import for {!r}")
                raise TypeError(msg.format(name))
            for character in name:
                if character != '.':
                    break
                level += 1
>       return _bootstrap._gcd_import(name[level:], package, level)

/Library/Frameworks/Python.framework/Versions/3.9/lib/python3.9/importlib/__init__.py:127: 
_ _ _ _ _ _ _ _ _ _ _ _ _ _ _ _ _ _ _ _ _ _ _ _ _ _ _ _ _ _ _ _ _ _ _ _ _ _ _ _ 

name = 'api.urls', package = None, level = 0

>   ???

<frozen importlib._bootstrap>:1030: 
_ _ _ _ _ _ _ _ _ _ _ _ _ _ _ _ _ _ _ _ _ _ _ _ _ _ _ _ _ _ _ _ _ _ _ _ _ _ _ _ 

name = 'api.urls', import_ = <function _gcd_import at 0x7fb420099310>

>   ???

<frozen importlib._bootstrap>:1007: 
_ _ _ _ _ _ _ _ _ _ _ _ _ _ _ _ _ _ _ _ _ _ _ _ _ _ _ _ _ _ _ _ _ _ _ _ _ _ _ _ 

name = 'api.urls', import_ = <function _gcd_import at 0x7fb420099310>

>   ???

<frozen importlib._bootstrap>:986: 
_ _ _ _ _ _ _ _ _ _ _ _ _ _ _ _ _ _ _ _ _ _ _ _ _ _ _ _ _ _ _ _ _ _ _ _ _ _ _ _ 

spec = ModuleSpec(name='api.urls', loader=<_frozen_importlib_external.SourceFileLoader object at 0x7fb421aa8310>, origin='/Users/macbook-pro/Documents/praktikum/api_group/api_yamdb/api/urls.py')

>   ???

<frozen importlib._bootstrap>:680: 
_ _ _ _ _ _ _ _ _ _ _ _ _ _ _ _ _ _ _ _ _ _ _ _ _ _ _ _ _ _ _ _ _ _ _ _ _ _ _ _ 

self = <_frozen_importlib_external.SourceFileLoader object at 0x7fb421aa8310>
module = <module 'api.urls' from '/Users/macbook-pro/Documents/praktikum/api_group/api_yamdb/api/urls.py'>

>   ???

<frozen importlib._bootstrap_external>:790: 
_ _ _ _ _ _ _ _ _ _ _ _ _ _ _ _ _ _ _ _ _ _ _ _ _ _ _ _ _ _ _ _ _ _ _ _ _ _ _ _ 

f = <built-in function exec>
args = (<code object <module> at 0x7fb421aad2f0, file "/Users/macbook-pro/Documents/praktikum/api_group/api_yamdb/api/urls.py.../Users/macbook-pro/Documents/praktikum/api_group/api_yamdb/api/__pycache__/urls.cpython-39.pyc', '__doc__': None, ...})
kwds = {}

>   ???

<frozen importlib._bootstrap>:228: 
_ _ _ _ _ _ _ _ _ _ _ _ _ _ _ _ _ _ _ _ _ _ _ _ _ _ _ _ _ _ _ _ _ _ _ _ _ _ _ _ 

    from django.urls import include, path
    from rest_framework.routers import DefaultRouter
>   from api.views import CategoryViewSet, GenreViewSet, TitleViewSet, UserViewSet

api_yamdb/api/urls.py:3: 
_ _ _ _ _ _ _ _ _ _ _ _ _ _ _ _ _ _ _ _ _ _ _ _ _ _ _ _ _ _ _ _ _ _ _ _ _ _ _ _ 

    from django.conf import settings
    from django.contrib.auth.tokens import default_token_generator
    from django.core.mail import send_mail
    from django.db import IntegrityError
    from rest_framework import status
    from rest_framework import viewsets
    from rest_framework.decorators import action, api_view
    from rest_framework.generics import get_object_or_404
    from rest_framework.pagination import PageNumberPagination
    from rest_framework.permissions import IsAuthenticated
    from rest_framework.response import Response
    from rest_framework_simplejwt.tokens import AccessToken
    
    from reviews.models import Category, Genre, Title
    from .permissions import IsAdminOrReadOnly
    from .serializers import (CategorySerializer, GenreSerializer,
                              TitleSerializer, TokenSerializer,
                              SignupSerializer, UserEditSerializer,
                              UserSerializer)
    from users.models import User
    
    
    class CategoryViewSet(viewsets.ModelViewSet):
        queryset = Category.objects.all()
        serializer_class = CategorySerializer
        lookup_field = 'slug'
        permission_classes = [IsAdminOrReadOnly]
    
    
>   class GenreViewSet(viewsets.ModelViewSet):

api_yamdb/api/views.py:30: 
_ _ _ _ _ _ _ _ _ _ _ _ _ _ _ _ _ _ _ _ _ _ _ _ _ _ _ _ _ _ _ _ _ _ _ _ _ _ _ _ 

    class GenreViewSet(viewsets.ModelViewSet):
        queryset = Genre.objects.all()
        serializer_class = GenreSerializer
        lookup_field = 'slug'
>       permission_classes = [IsAdminUser]  # Доступ только для администраторов
E       NameError: name 'IsAdminUser' is not defined

api_yamdb/api/views.py:34: NameError

During handling of the above exception, another exception occurred:

request = <WSGIRequest: GET '/api/v1/genres/'>

    @wraps(get_response)
    def inner(request):
        try:
>           response = get_response(request)

env/lib/python3.9/site-packages/django/core/handlers/exception.py:47: 
_ _ _ _ _ _ _ _ _ _ _ _ _ _ _ _ _ _ _ _ _ _ _ _ _ _ _ _ _ _ _ _ _ _ _ _ _ _ _ _ 

self = <django.middleware.csrf.CsrfViewMiddleware object at 0x7fb4218e1c70>
request = <WSGIRequest: GET '/api/v1/genres/'>

    def __call__(self, request):
        # Exit out to async mode, if needed
        if asyncio.iscoroutinefunction(self.get_response):
            return self.__acall__(request)
        response = None
        if hasattr(self, 'process_request'):
            response = self.process_request(request)
>       response = response or self.get_response(request)

env/lib/python3.9/site-packages/django/utils/deprecation.py:117: 
_ _ _ _ _ _ _ _ _ _ _ _ _ _ _ _ _ _ _ _ _ _ _ _ _ _ _ _ _ _ _ _ _ _ _ _ _ _ _ _ 

request = <WSGIRequest: GET '/api/v1/genres/'>

    @wraps(get_response)
    def inner(request):
        try:
            response = get_response(request)
        except Exception as exc:
>           response = response_for_exception(request, exc)

env/lib/python3.9/site-packages/django/core/handlers/exception.py:49: 
_ _ _ _ _ _ _ _ _ _ _ _ _ _ _ _ _ _ _ _ _ _ _ _ _ _ _ _ _ _ _ _ _ _ _ _ _ _ _ _ 

request = <WSGIRequest: GET '/api/v1/genres/'>
exc = NameError("name 'IsAdminUser' is not defined")

    def response_for_exception(request, exc):
        if isinstance(exc, Http404):
            if settings.DEBUG:
                response = debug.technical_404_response(request, exc)
            else:
                response = get_exception_response(request, get_resolver(get_urlconf()), 404, exc)
    
        elif isinstance(exc, PermissionDenied):
            response = get_exception_response(request, get_resolver(get_urlconf()), 403, exc)
            log_response(
                'Forbidden (Permission denied): %s', request.path,
                response=response,
                request=request,
                exc_info=sys.exc_info(),
            )
    
        elif isinstance(exc, MultiPartParserError):
            response = get_exception_response(request, get_resolver(get_urlconf()), 400, exc)
            log_response(
                'Bad request (Unable to parse request body): %s', request.path,
                response=response,
                request=request,
                exc_info=sys.exc_info(),
            )
    
        elif isinstance(exc, BadRequest):
            if settings.DEBUG:
                response = debug.technical_500_response(request, *sys.exc_info(), status_code=400)
            else:
                response = get_exception_response(request, get_resolver(get_urlconf()), 400, exc)
            log_response(
                '%s: %s', str(exc), request.path,
                response=response,
                request=request,
                exc_info=sys.exc_info(),
            )
        elif isinstance(exc, SuspiciousOperation):
            if isinstance(exc, (RequestDataTooBig, TooManyFieldsSent)):
                # POST data can't be accessed again, otherwise the original
                # exception would be raised.
                request._mark_post_parse_error()
    
            # The request logger receives events for any problematic request
            # The security logger receives events for all SuspiciousOperations
            security_logger = logging.getLogger('django.security.%s' % exc.__class__.__name__)
            security_logger.error(
                str(exc),
                extra={'status_code': 400, 'request': request},
            )
            if settings.DEBUG:
                response = debug.technical_500_response(request, *sys.exc_info(), status_code=400)
            else:
                response = get_exception_response(request, get_resolver(get_urlconf()), 400, exc)
    
        elif isinstance(exc, SystemExit):
            # Allow sys.exit() to actually exit. See tickets #1023 and #4701
            raise
    
        else:
            signals.got_request_exception.send(sender=None, request=request)
>           response = handle_uncaught_exception(request, get_resolver(get_urlconf()), sys.exc_info())

env/lib/python3.9/site-packages/django/core/handlers/exception.py:114: 
_ _ _ _ _ _ _ _ _ _ _ _ _ _ _ _ _ _ _ _ _ _ _ _ _ _ _ _ _ _ _ _ _ _ _ _ _ _ _ _ 

request = <WSGIRequest: GET '/api/v1/genres/'>
resolver = <URLResolver 'api_yamdb.urls' (None:None) '^/'>
exc_info = (<class 'NameError'>, NameError("name 'IsAdminUser' is not defined"), <traceback object at 0x7fb4002bdd40>)

    def handle_uncaught_exception(request, resolver, exc_info):
        """
        Processing for any otherwise uncaught exceptions (those that will
        generate HTTP 500 responses).
        """
        if settings.DEBUG_PROPAGATE_EXCEPTIONS:
            raise
    
        if settings.DEBUG:
            return debug.technical_500_response(request, *exc_info)
    
        # Return an HttpResponse that displays a friendly error message.
>       callback = resolver.resolve_error_handler(500)

env/lib/python3.9/site-packages/django/core/handlers/exception.py:152: 
_ _ _ _ _ _ _ _ _ _ _ _ _ _ _ _ _ _ _ _ _ _ _ _ _ _ _ _ _ _ _ _ _ _ _ _ _ _ _ _ 

self = <URLResolver 'api_yamdb.urls' (None:None) '^/'>, view_type = 500

    def resolve_error_handler(self, view_type):
>       callback = getattr(self.urlconf_module, 'handler%s' % view_type, None)

env/lib/python3.9/site-packages/django/urls/resolvers.py:611: 
_ _ _ _ _ _ _ _ _ _ _ _ _ _ _ _ _ _ _ _ _ _ _ _ _ _ _ _ _ _ _ _ _ _ _ _ _ _ _ _ 

self = <django.utils.functional.cached_property object at 0x7fb4000fdac0>
instance = <URLResolver 'api_yamdb.urls' (None:None) '^/'>
cls = <class 'django.urls.resolvers.URLResolver'>

    def __get__(self, instance, cls=None):
        """
        Call the function and put the return value in instance.__dict__ so that
        subsequent attribute access on the instance returns the cached value
        instead of calling cached_property.__get__().
        """
        if instance is None:
            return self
>       res = instance.__dict__[self.name] = self.func(instance)

env/lib/python3.9/site-packages/django/utils/functional.py:48: 
_ _ _ _ _ _ _ _ _ _ _ _ _ _ _ _ _ _ _ _ _ _ _ _ _ _ _ _ _ _ _ _ _ _ _ _ _ _ _ _ 

self = <URLResolver 'api_yamdb.urls' (None:None) '^/'>

    @cached_property
    def urlconf_module(self):
        if isinstance(self.urlconf_name, str):
>           return import_module(self.urlconf_name)

env/lib/python3.9/site-packages/django/urls/resolvers.py:591: 
_ _ _ _ _ _ _ _ _ _ _ _ _ _ _ _ _ _ _ _ _ _ _ _ _ _ _ _ _ _ _ _ _ _ _ _ _ _ _ _ 

name = 'api_yamdb.urls', package = None

    def import_module(name, package=None):
        """Import a module.
    
        The 'package' argument is required when performing a relative import. It
        specifies the package to use as the anchor point from which to resolve the
        relative import to an absolute import.
    
        """
        level = 0
        if name.startswith('.'):
            if not package:
                msg = ("the 'package' argument is required to perform a relative "
                       "import for {!r}")
                raise TypeError(msg.format(name))
            for character in name:
                if character != '.':
                    break
                level += 1
>       return _bootstrap._gcd_import(name[level:], package, level)

/Library/Frameworks/Python.framework/Versions/3.9/lib/python3.9/importlib/__init__.py:127: 
_ _ _ _ _ _ _ _ _ _ _ _ _ _ _ _ _ _ _ _ _ _ _ _ _ _ _ _ _ _ _ _ _ _ _ _ _ _ _ _ 

name = 'api_yamdb.urls', package = None, level = 0

>   ???

<frozen importlib._bootstrap>:1030: 
_ _ _ _ _ _ _ _ _ _ _ _ _ _ _ _ _ _ _ _ _ _ _ _ _ _ _ _ _ _ _ _ _ _ _ _ _ _ _ _ 

name = 'api_yamdb.urls', import_ = <function _gcd_import at 0x7fb420099310>

>   ???

<frozen importlib._bootstrap>:1007: 
_ _ _ _ _ _ _ _ _ _ _ _ _ _ _ _ _ _ _ _ _ _ _ _ _ _ _ _ _ _ _ _ _ _ _ _ _ _ _ _ 

name = 'api_yamdb.urls', import_ = <function _gcd_import at 0x7fb420099310>

>   ???

<frozen importlib._bootstrap>:986: 
_ _ _ _ _ _ _ _ _ _ _ _ _ _ _ _ _ _ _ _ _ _ _ _ _ _ _ _ _ _ _ _ _ _ _ _ _ _ _ _ 

spec = ModuleSpec(name='api_yamdb.urls', loader=<_frozen_importlib_external.SourceFileLoader object at 0x7fb4219e0700>, origin='/Users/macbook-pro/Documents/praktikum/api_group/api_yamdb/api_yamdb/urls.py')

>   ???

<frozen importlib._bootstrap>:680: 
_ _ _ _ _ _ _ _ _ _ _ _ _ _ _ _ _ _ _ _ _ _ _ _ _ _ _ _ _ _ _ _ _ _ _ _ _ _ _ _ 

self = <_frozen_importlib_external.SourceFileLoader object at 0x7fb4219e0700>
module = <module 'api_yamdb.urls' from '/Users/macbook-pro/Documents/praktikum/api_group/api_yamdb/api_yamdb/urls.py'>

>   ???

<frozen importlib._bootstrap_external>:790: 
_ _ _ _ _ _ _ _ _ _ _ _ _ _ _ _ _ _ _ _ _ _ _ _ _ _ _ _ _ _ _ _ _ _ _ _ _ _ _ _ 

f = <built-in function exec>
args = (<code object <module> at 0x7fb421a9cbe0, file "/Users/macbook-pro/Documents/praktikum/api_group/api_yamdb/api_yamdb/u... from django.urls import include, path\n    2. Add a URL to urlpatterns:  path('blog/', include('blog.urls'))\n", ...})
kwds = {}

>   ???

<frozen importlib._bootstrap>:228: 
_ _ _ _ _ _ _ _ _ _ _ _ _ _ _ _ _ _ _ _ _ _ _ _ _ _ _ _ _ _ _ _ _ _ _ _ _ _ _ _ 

    """YaMDb URL Configuration
    
    The `urlpatterns` list routes URLs to views. For more information please see:
        https://docs.djangoproject.com/en/3.2/topics/http/urls/
    Examples:
    Function views
        1. Add an import:  from my_app import views
        2. Add a URL to urlpatterns:  path('', views.home, name='home')
    Class-based views
        1. Add an import:  from other_app.views import Home
        2. Add a URL to urlpatterns:  path('', Home.as_view(), name='home')
    Including another URLconf
        1. Import the include() function: from django.urls import include, path
        2. Add a URL to urlpatterns:  path('blog/', include('blog.urls'))
    """
    from django.contrib import admin
    from django.urls import path, include
    from django.views.generic import TemplateView
    
    urlpatterns = [
        path('admin/', admin.site.urls),
        path(
            'redoc/',
            TemplateView.as_view(template_name='redoc.html'),
            name='redoc'
        ),
>       path('api/', include('api.urls')),
    
    ]

api_yamdb/api_yamdb/urls.py:27: 
_ _ _ _ _ _ _ _ _ _ _ _ _ _ _ _ _ _ _ _ _ _ _ _ _ _ _ _ _ _ _ _ _ _ _ _ _ _ _ _ 

arg = 'api.urls', namespace = None

    def include(arg, namespace=None):
        app_name = None
        if isinstance(arg, tuple):
            # Callable returning a namespace hint.
            try:
                urlconf_module, app_name = arg
            except ValueError:
                if namespace:
                    raise ImproperlyConfigured(
                        'Cannot override the namespace for a dynamic module that '
                        'provides a namespace.'
                    )
                raise ImproperlyConfigured(
                    'Passing a %d-tuple to include() is not supported. Pass a '
                    '2-tuple containing the list of patterns and app_name, and '
                    'provide the namespace argument to include() instead.' % len(arg)
                )
        else:
            # No namespace hint - use manually provided namespace.
            urlconf_module = arg
    
        if isinstance(urlconf_module, str):
>           urlconf_module = import_module(urlconf_module)

env/lib/python3.9/site-packages/django/urls/conf.py:34: 
_ _ _ _ _ _ _ _ _ _ _ _ _ _ _ _ _ _ _ _ _ _ _ _ _ _ _ _ _ _ _ _ _ _ _ _ _ _ _ _ 

name = 'api.urls', package = None

    def import_module(name, package=None):
        """Import a module.
    
        The 'package' argument is required when performing a relative import. It
        specifies the package to use as the anchor point from which to resolve the
        relative import to an absolute import.
    
        """
        level = 0
        if name.startswith('.'):
            if not package:
                msg = ("the 'package' argument is required to perform a relative "
                       "import for {!r}")
                raise TypeError(msg.format(name))
            for character in name:
                if character != '.':
                    break
                level += 1
>       return _bootstrap._gcd_import(name[level:], package, level)

/Library/Frameworks/Python.framework/Versions/3.9/lib/python3.9/importlib/__init__.py:127: 
_ _ _ _ _ _ _ _ _ _ _ _ _ _ _ _ _ _ _ _ _ _ _ _ _ _ _ _ _ _ _ _ _ _ _ _ _ _ _ _ 

name = 'api.urls', package = None, level = 0

>   ???

<frozen importlib._bootstrap>:1030: 
_ _ _ _ _ _ _ _ _ _ _ _ _ _ _ _ _ _ _ _ _ _ _ _ _ _ _ _ _ _ _ _ _ _ _ _ _ _ _ _ 

name = 'api.urls', import_ = <function _gcd_import at 0x7fb420099310>

>   ???

<frozen importlib._bootstrap>:1007: 
_ _ _ _ _ _ _ _ _ _ _ _ _ _ _ _ _ _ _ _ _ _ _ _ _ _ _ _ _ _ _ _ _ _ _ _ _ _ _ _ 

name = 'api.urls', import_ = <function _gcd_import at 0x7fb420099310>

>   ???

<frozen importlib._bootstrap>:986: 
_ _ _ _ _ _ _ _ _ _ _ _ _ _ _ _ _ _ _ _ _ _ _ _ _ _ _ _ _ _ _ _ _ _ _ _ _ _ _ _ 

spec = ModuleSpec(name='api.urls', loader=<_frozen_importlib_external.SourceFileLoader object at 0x7fb421aa8b50>, origin='/Users/macbook-pro/Documents/praktikum/api_group/api_yamdb/api/urls.py')

>   ???

<frozen importlib._bootstrap>:680: 
_ _ _ _ _ _ _ _ _ _ _ _ _ _ _ _ _ _ _ _ _ _ _ _ _ _ _ _ _ _ _ _ _ _ _ _ _ _ _ _ 

self = <_frozen_importlib_external.SourceFileLoader object at 0x7fb421aa8b50>
module = <module 'api.urls' from '/Users/macbook-pro/Documents/praktikum/api_group/api_yamdb/api/urls.py'>

>   ???

<frozen importlib._bootstrap_external>:790: 
_ _ _ _ _ _ _ _ _ _ _ _ _ _ _ _ _ _ _ _ _ _ _ _ _ _ _ _ _ _ _ _ _ _ _ _ _ _ _ _ 

f = <built-in function exec>
args = (<code object <module> at 0x7fb421aadd40, file "/Users/macbook-pro/Documents/praktikum/api_group/api_yamdb/api/urls.py.../Users/macbook-pro/Documents/praktikum/api_group/api_yamdb/api/__pycache__/urls.cpython-39.pyc', '__doc__': None, ...})
kwds = {}

>   ???

<frozen importlib._bootstrap>:228: 
_ _ _ _ _ _ _ _ _ _ _ _ _ _ _ _ _ _ _ _ _ _ _ _ _ _ _ _ _ _ _ _ _ _ _ _ _ _ _ _ 

    from django.urls import include, path
    from rest_framework.routers import DefaultRouter
>   from api.views import CategoryViewSet, GenreViewSet, TitleViewSet, UserViewSet

api_yamdb/api/urls.py:3: 
_ _ _ _ _ _ _ _ _ _ _ _ _ _ _ _ _ _ _ _ _ _ _ _ _ _ _ _ _ _ _ _ _ _ _ _ _ _ _ _ 

    from django.conf import settings
    from django.contrib.auth.tokens import default_token_generator
    from django.core.mail import send_mail
    from django.db import IntegrityError
    from rest_framework import status
    from rest_framework import viewsets
    from rest_framework.decorators import action, api_view
    from rest_framework.generics import get_object_or_404
    from rest_framework.pagination import PageNumberPagination
    from rest_framework.permissions import IsAuthenticated
    from rest_framework.response import Response
    from rest_framework_simplejwt.tokens import AccessToken
    
    from reviews.models import Category, Genre, Title
    from .permissions import IsAdminOrReadOnly
    from .serializers import (CategorySerializer, GenreSerializer,
[...]
            response = get_exception_response(request, get_resolver(get_urlconf()), 400, exc)
            log_response(
                'Bad request (Unable to parse request body): %s', request.path,
                response=response,
                request=request,
                exc_info=sys.exc_info(),
            )
    
        elif isinstance(exc, BadRequest):
            if settings.DEBUG:
                response = debug.technical_500_response(request, *sys.exc_info(), status_code=400)
            else:
                response = get_exception_response(request, get_resolver(get_urlconf()), 400, exc)
            log_response(
                '%s: %s', str(exc), request.path,
                response=response,
                request=request,
                exc_info=sys.exc_info(),
            )
        elif isinstance(exc, SuspiciousOperation):
            if isinstance(exc, (RequestDataTooBig, TooManyFieldsSent)):
                # POST data can't be accessed again, otherwise the original
                # exception would be raised.
                request._mark_post_parse_error()
    
            # The request logger receives events for any problematic request
            # The security logger receives events for all SuspiciousOperations
            security_logger = logging.getLogger('django.security.%s' % exc.__class__.__name__)
            security_logger.error(
                str(exc),
                extra={'status_code': 400, 'request': request},
            )
            if settings.DEBUG:
                response = debug.technical_500_response(request, *sys.exc_info(), status_code=400)
            else:
                response = get_exception_response(request, get_resolver(get_urlconf()), 400, exc)
    
        elif isinstance(exc, SystemExit):
            # Allow sys.exit() to actually exit. See tickets #1023 and #4701
            raise
    
        else:
            signals.got_request_exception.send(sender=None, request=request)
>           response = handle_uncaught_exception(request, get_resolver(get_urlconf()), sys.exc_info())

env/lib/python3.9/site-packages/django/core/handlers/exception.py:114: 
_ _ _ _ _ _ _ _ _ _ _ _ _ _ _ _ _ _ _ _ _ _ _ _ _ _ _ _ _ _ _ _ _ _ _ _ _ _ _ _ 

request = <WSGIRequest: POST '/api/v1/genres/'>
resolver = <URLResolver 'api_yamdb.urls' (None:None) '^/'>
exc_info = (<class 'NameError'>, NameError("name 'IsAdminUser' is not defined"), <traceback object at 0x7fb400269c40>)

    def handle_uncaught_exception(request, resolver, exc_info):
        """
        Processing for any otherwise uncaught exceptions (those that will
        generate HTTP 500 responses).
        """
        if settings.DEBUG_PROPAGATE_EXCEPTIONS:
            raise
    
        if settings.DEBUG:
            return debug.technical_500_response(request, *exc_info)
    
        # Return an HttpResponse that displays a friendly error message.
>       callback = resolver.resolve_error_handler(500)

env/lib/python3.9/site-packages/django/core/handlers/exception.py:152: 
_ _ _ _ _ _ _ _ _ _ _ _ _ _ _ _ _ _ _ _ _ _ _ _ _ _ _ _ _ _ _ _ _ _ _ _ _ _ _ _ 

self = <URLResolver 'api_yamdb.urls' (None:None) '^/'>, view_type = 500

    def resolve_error_handler(self, view_type):
>       callback = getattr(self.urlconf_module, 'handler%s' % view_type, None)

env/lib/python3.9/site-packages/django/urls/resolvers.py:611: 
_ _ _ _ _ _ _ _ _ _ _ _ _ _ _ _ _ _ _ _ _ _ _ _ _ _ _ _ _ _ _ _ _ _ _ _ _ _ _ _ 

self = <django.utils.functional.cached_property object at 0x7fb4000fdac0>
instance = <URLResolver 'api_yamdb.urls' (None:None) '^/'>
cls = <class 'django.urls.resolvers.URLResolver'>

    def __get__(self, instance, cls=None):
        """
        Call the function and put the return value in instance.__dict__ so that
        subsequent attribute access on the instance returns the cached value
        instead of calling cached_property.__get__().
        """
        if instance is None:
            return self
>       res = instance.__dict__[self.name] = self.func(instance)

env/lib/python3.9/site-packages/django/utils/functional.py:48: 
_ _ _ _ _ _ _ _ _ _ _ _ _ _ _ _ _ _ _ _ _ _ _ _ _ _ _ _ _ _ _ _ _ _ _ _ _ _ _ _ 

self = <URLResolver 'api_yamdb.urls' (None:None) '^/'>

    @cached_property
    def urlconf_module(self):
        if isinstance(self.urlconf_name, str):
>           return import_module(self.urlconf_name)

env/lib/python3.9/site-packages/django/urls/resolvers.py:591: 
_ _ _ _ _ _ _ _ _ _ _ _ _ _ _ _ _ _ _ _ _ _ _ _ _ _ _ _ _ _ _ _ _ _ _ _ _ _ _ _ 

name = 'api_yamdb.urls', package = None

    def import_module(name, package=None):
        """Import a module.
    
        The 'package' argument is required when performing a relative import. It
        specifies the package to use as the anchor point from which to resolve the
        relative import to an absolute import.
    
        """
        level = 0
        if name.startswith('.'):
            if not package:
                msg = ("the 'package' argument is required to perform a relative "
                       "import for {!r}")
                raise TypeError(msg.format(name))
            for character in name:
                if character != '.':
                    break
                level += 1
>       return _bootstrap._gcd_import(name[level:], package, level)

/Library/Frameworks/Python.framework/Versions/3.9/lib/python3.9/importlib/__init__.py:127: 
_ _ _ _ _ _ _ _ _ _ _ _ _ _ _ _ _ _ _ _ _ _ _ _ _ _ _ _ _ _ _ _ _ _ _ _ _ _ _ _ 

name = 'api_yamdb.urls', package = None, level = 0

>   ???

<frozen importlib._bootstrap>:1030: 
_ _ _ _ _ _ _ _ _ _ _ _ _ _ _ _ _ _ _ _ _ _ _ _ _ _ _ _ _ _ _ _ _ _ _ _ _ _ _ _ 

name = 'api_yamdb.urls', import_ = <function _gcd_import at 0x7fb420099310>

>   ???

<frozen importlib._bootstrap>:1007: 
_ _ _ _ _ _ _ _ _ _ _ _ _ _ _ _ _ _ _ _ _ _ _ _ _ _ _ _ _ _ _ _ _ _ _ _ _ _ _ _ 

name = 'api_yamdb.urls', import_ = <function _gcd_import at 0x7fb420099310>

>   ???

<frozen importlib._bootstrap>:986: 
_ _ _ _ _ _ _ _ _ _ _ _ _ _ _ _ _ _ _ _ _ _ _ _ _ _ _ _ _ _ _ _ _ _ _ _ _ _ _ _ 

spec = ModuleSpec(name='api_yamdb.urls', loader=<_frozen_importlib_external.SourceFileLoader object at 0x7fb421d05970>, origin='/Users/macbook-pro/Documents/praktikum/api_group/api_yamdb/api_yamdb/urls.py')

>   ???

<frozen importlib._bootstrap>:680: 
_ _ _ _ _ _ _ _ _ _ _ _ _ _ _ _ _ _ _ _ _ _ _ _ _ _ _ _ _ _ _ _ _ _ _ _ _ _ _ _ 

self = <_frozen_importlib_external.SourceFileLoader object at 0x7fb421d05970>
module = <module 'api_yamdb.urls' from '/Users/macbook-pro/Documents/praktikum/api_group/api_yamdb/api_yamdb/urls.py'>

>   ???

<frozen importlib._bootstrap_external>:790: 
_ _ _ _ _ _ _ _ _ _ _ _ _ _ _ _ _ _ _ _ _ _ _ _ _ _ _ _ _ _ _ _ _ _ _ _ _ _ _ _ 

f = <built-in function exec>
args = (<code object <module> at 0x7fb400470be0, file "/Users/macbook-pro/Documents/praktikum/api_group/api_yamdb/api_yamdb/u... from django.urls import include, path\n    2. Add a URL to urlpatterns:  path('blog/', include('blog.urls'))\n", ...})
kwds = {}

>   ???

<frozen importlib._bootstrap>:228: 
_ _ _ _ _ _ _ _ _ _ _ _ _ _ _ _ _ _ _ _ _ _ _ _ _ _ _ _ _ _ _ _ _ _ _ _ _ _ _ _ 

    """YaMDb URL Configuration
    
    The `urlpatterns` list routes URLs to views. For more information please see:
        https://docs.djangoproject.com/en/3.2/topics/http/urls/
    Examples:
    Function views
        1. Add an import:  from my_app import views
        2. Add a URL to urlpatterns:  path('', views.home, name='home')
    Class-based views
        1. Add an import:  from other_app.views import Home
        2. Add a URL to urlpatterns:  path('', Home.as_view(), name='home')
    Including another URLconf
        1. Import the include() function: from django.urls import include, path
        2. Add a URL to urlpatterns:  path('blog/', include('blog.urls'))
    """
    from django.contrib import admin
    from django.urls import path, include
    from django.views.generic import TemplateView
    
    urlpatterns = [
        path('admin/', admin.site.urls),
        path(
            'redoc/',
            TemplateView.as_view(template_name='redoc.html'),
            name='redoc'
        ),
>       path('api/', include('api.urls')),
    
    ]

api_yamdb/api_yamdb/urls.py:27: 
_ _ _ _ _ _ _ _ _ _ _ _ _ _ _ _ _ _ _ _ _ _ _ _ _ _ _ _ _ _ _ _ _ _ _ _ _ _ _ _ 

arg = 'api.urls', namespace = None

    def include(arg, namespace=None):
        app_name = None
        if isinstance(arg, tuple):
            # Callable returning a namespace hint.
            try:
                urlconf_module, app_name = arg
            except ValueError:
                if namespace:
                    raise ImproperlyConfigured(
                        'Cannot override the namespace for a dynamic module that '
                        'provides a namespace.'
                    )
                raise ImproperlyConfigured(
                    'Passing a %d-tuple to include() is not supported. Pass a '
                    '2-tuple containing the list of patterns and app_name, and '
                    'provide the namespace argument to include() instead.' % len(arg)
                )
        else:
            # No namespace hint - use manually provided namespace.
            urlconf_module = arg
    
        if isinstance(urlconf_module, str):
>           urlconf_module = import_module(urlconf_module)

env/lib/python3.9/site-packages/django/urls/conf.py:34: 
_ _ _ _ _ _ _ _ _ _ _ _ _ _ _ _ _ _ _ _ _ _ _ _ _ _ _ _ _ _ _ _ _ _ _ _ _ _ _ _ 

name = 'api.urls', package = None

    def import_module(name, package=None):
        """Import a module.
    
        The 'package' argument is required when performing a relative import. It
        specifies the package to use as the anchor point from which to resolve the
        relative import to an absolute import.
    
        """
        level = 0
        if name.startswith('.'):
            if not package:
                msg = ("the 'package' argument is required to perform a relative "
                       "import for {!r}")
                raise TypeError(msg.format(name))
            for character in name:
                if character != '.':
                    break
                level += 1
>       return _bootstrap._gcd_import(name[level:], package, level)

/Library/Frameworks/Python.framework/Versions/3.9/lib/python3.9/importlib/__init__.py:127: 
_ _ _ _ _ _ _ _ _ _ _ _ _ _ _ _ _ _ _ _ _ _ _ _ _ _ _ _ _ _ _ _ _ _ _ _ _ _ _ _ 

name = 'api.urls', package = None, level = 0

>   ???

<frozen importlib._bootstrap>:1030: 
_ _ _ _ _ _ _ _ _ _ _ _ _ _ _ _ _ _ _ _ _ _ _ _ _ _ _ _ _ _ _ _ _ _ _ _ _ _ _ _ 

name = 'api.urls', import_ = <function _gcd_import at 0x7fb420099310>

>   ???

<frozen importlib._bootstrap>:1007: 
_ _ _ _ _ _ _ _ _ _ _ _ _ _ _ _ _ _ _ _ _ _ _ _ _ _ _ _ _ _ _ _ _ _ _ _ _ _ _ _ 

name = 'api.urls', import_ = <function _gcd_import at 0x7fb420099310>

>   ???

<frozen importlib._bootstrap>:986: 
_ _ _ _ _ _ _ _ _ _ _ _ _ _ _ _ _ _ _ _ _ _ _ _ _ _ _ _ _ _ _ _ _ _ _ _ _ _ _ _ 

spec = ModuleSpec(name='api.urls', loader=<_frozen_importlib_external.SourceFileLoader object at 0x7fb400355850>, origin='/Users/macbook-pro/Documents/praktikum/api_group/api_yamdb/api/urls.py')

>   ???

<frozen importlib._bootstrap>:680: 
_ _ _ _ _ _ _ _ _ _ _ _ _ _ _ _ _ _ _ _ _ _ _ _ _ _ _ _ _ _ _ _ _ _ _ _ _ _ _ _ 

self = <_frozen_importlib_external.SourceFileLoader object at 0x7fb400355850>
module = <module 'api.urls' from '/Users/macbook-pro/Documents/praktikum/api_group/api_yamdb/api/urls.py'>

>   ???

<frozen importlib._bootstrap_external>:790: 
_ _ _ _ _ _ _ _ _ _ _ _ _ _ _ _ _ _ _ _ _ _ _ _ _ _ _ _ _ _ _ _ _ _ _ _ _ _ _ _ 

f = <built-in function exec>
args = (<code object <module> at 0x7fb400375920, file "/Users/macbook-pro/Documents/praktikum/api_group/api_yamdb/api/urls.py.../Users/macbook-pro/Documents/praktikum/api_group/api_yamdb/api/__pycache__/urls.cpython-39.pyc', '__doc__': None, ...})
kwds = {}

>   ???

<frozen importlib._bootstrap>:228: 
_ _ _ _ _ _ _ _ _ _ _ _ _ _ _ _ _ _ _ _ _ _ _ _ _ _ _ _ _ _ _ _ _ _ _ _ _ _ _ _ 

    from django.urls import include, path
    from rest_framework.routers import DefaultRouter
>   from api.views import CategoryViewSet, GenreViewSet, TitleViewSet, UserViewSet

api_yamdb/api/urls.py:3: 
_ _ _ _ _ _ _ _ _ _ _ _ _ _ _ _ _ _ _ _ _ _ _ _ _ _ _ _ _ _ _ _ _ _ _ _ _ _ _ _ 

    from django.conf import settings
    from django.contrib.auth.tokens import default_token_generator
    from django.core.mail import send_mail
    from django.db import IntegrityError
    from rest_framework import status
    from rest_framework import viewsets
    from rest_framework.decorators import action, api_view
    from rest_framework.generics import get_object_or_404
    from rest_framework.pagination import PageNumberPagination
    from rest_framework.permissions import IsAuthenticated
    from rest_framework.response import Response
    from rest_framework_simplejwt.tokens import AccessToken
    
    from reviews.models import Category, Genre, Title
    from .permissions import IsAdminOrReadOnly
    from .serializers import (CategorySerializer, GenreSerializer,
                              TitleSerializer, TokenSerializer,
                              SignupSerializer, UserEditSerializer,
                              UserSerializer)
    from users.models import User
    
    
    class CategoryViewSet(viewsets.ModelViewSet):
        queryset = Category.objects.all()
        serializer_class = CategorySerializer
        lookup_field = 'slug'
        permission_classes = [IsAdminOrReadOnly]
    
    
>   class GenreViewSet(viewsets.ModelViewSet):

api_yamdb/api/views.py:30: 
_ _ _ _ _ _ _ _ _ _ _ _ _ _ _ _ _ _ _ _ _ _ _ _ _ _ _ _ _ _ _ _ _ _ _ _ _ _ _ _ 

    class GenreViewSet(viewsets.ModelViewSet):
        queryset = Genre.objects.all()
        serializer_class = GenreSerializer
        lookup_field = 'slug'
>       permission_classes = [IsAdminUser]  # Доступ только для администраторов
E       NameError: name 'IsAdminUser' is not defined

api_yamdb/api/views.py:34: NameError

During handling of the above exception, another exception occurred:

self = <tests.test_03_genre.Test03GenreAPI object at 0x7fb421d058b0>
client = <django.test.client.Client object at 0x7fb421ac3a90>
user_client = <rest_framework.test.APIClient object at 0x7fb421cfe130>
moderator_client = <rest_framework.test.APIClient object at 0x7fb421cfe370>
admin_client = <rest_framework.test.APIClient object at 0x7fb421cfe400>

    def test_05_genres_check_permission(self, client,
                                        user_client,
                                        moderator_client,
                                        admin_client):
>       genres = create_genre(admin_client)

tests/test_03_genre.py:126: 
_ _ _ _ _ _ _ _ _ _ _ _ _ _ _ _ _ _ _ _ _ _ _ _ _ _ _ _ _ _ _ _ _ _ _ _ _ _ _ _ 
tests/utils.py:202: in create_genre
    response = admin_client.post('/api/v1/genres/', data=data)
env/lib/python3.9/site-packages/rest_framework/test.py:295: in post
    response = super().post(
env/lib/python3.9/site-packages/rest_framework/test.py:209: in post
    return self.generic('POST', path, data, content_type, **extra)
env/lib/python3.9/site-packages/rest_framework/test.py:233: in generic
    return super().generic(
env/lib/python3.9/site-packages/django/test/client.py:473: in generic
    return self.request(**r)
env/lib/python3.9/site-packages/rest_framework/test.py:285: in request
    return super().request(**kwargs)
env/lib/python3.9/site-packages/rest_framework/test.py:237: in request
    request = super().request(**kwargs)
env/lib/python3.9/site-packages/django/test/client.py:714: in request
    response = self.handler(environ)
env/lib/python3.9/site-packages/django/test/client.py:145: in __call__
    response = self.get_response(request)
env/lib/python3.9/site-packages/rest_framework/test.py:257: in get_response
    return super().get_response(request)
env/lib/python3.9/site-packages/django/core/handlers/base.py:130: in get_response
    response = self._middleware_chain(request)
env/lib/python3.9/site-packages/django/core/handlers/exception.py:49: in inner
    response = response_for_exception(request, exc)
env/lib/python3.9/site-packages/django/core/handlers/exception.py:114: in response_for_exception
    response = handle_uncaught_exception(request, get_resolver(get_urlconf()), sys.exc_info())
env/lib/python3.9/site-packages/django/core/handlers/exception.py:152: in handle_uncaught_exception
    callback = resolver.resolve_error_handler(500)
env/lib/python3.9/site-packages/django/urls/resolvers.py:611: in resolve_error_handler
    callback = getattr(self.urlconf_module, 'handler%s' % view_type, None)
env/lib/python3.9/site-packages/django/utils/functional.py:48: in __get__
    res = instance.__dict__[self.name] = self.func(instance)
env/lib/python3.9/site-packages/django/urls/resolvers.py:591: in urlconf_module
    return import_module(self.urlconf_name)
/Library/Frameworks/Python.framework/Versions/3.9/lib/python3.9/importlib/__init__.py:127: in import_module
    return _bootstrap._gcd_import(name[level:], package, level)
<frozen importlib._bootstrap>:1030: in _gcd_import
    ???
<frozen importlib._bootstrap>:1007: in _find_and_load
    ???
<frozen importlib._bootstrap>:986: in _find_and_load_unlocked
    ???
<frozen importlib._bootstrap>:680: in _load_unlocked
    ???
<frozen importlib._bootstrap_external>:790: in exec_module
    ???
<frozen importlib._bootstrap>:228: in _call_with_frames_removed
    ???
api_yamdb/api_yamdb/urls.py:27: in <module>
    path('api/', include('api.urls')),
env/lib/python3.9/site-packages/django/urls/conf.py:34: in include
    urlconf_module = import_module(urlconf_module)
/Library/Frameworks/Python.framework/Versions/3.9/lib/python3.9/importlib/__init__.py:127: in import_module
    return _bootstrap._gcd_import(name[level:], package, level)
<frozen importlib._bootstrap>:1030: in _gcd_import
    ???
<frozen importlib._bootstrap>:1007: in _find_and_load
    ???
<frozen importlib._bootstrap>:986: in _find_and_load_unlocked
    ???
<frozen importlib._bootstrap>:680: in _load_unlocked
    ???
<frozen importlib._bootstrap_external>:790: in exec_module
    ???
<frozen importlib._bootstrap>:228: in _call_with_frames_removed
    ???
api_yamdb/api/urls.py:3: in <module>
    from api.views import CategoryViewSet, GenreViewSet, TitleViewSet, UserViewSet
api_yamdb/api/views.py:30: in <module>
    class GenreViewSet(viewsets.ModelViewSet):
_ _ _ _ _ _ _ _ _ _ _ _ _ _ _ _ _ _ _ _ _ _ _ _ _ _ _ _ _ _ _ _ _ _ _ _ _ _ _ _ 

    class GenreViewSet(viewsets.ModelViewSet):
        queryset = Genre.objects.all()
        serializer_class = GenreSerializer
        lookup_field = 'slug'
>       permission_classes = [IsAdminUser]  # Доступ только для администраторов
E       NameError: name 'IsAdminUser' is not defined

api_yamdb/api/views.py:34: NameError
--------------------------- Captured stderr teardown ---------------------------
Destroying test database for alias 'default' ('file:memorydb_default?mode=memory&cache=shared')...
=========================== short test summary info ============================
FAILED tests/test_03_genre.py::Test03GenreAPI::test_01_genre_not_auth - NameE...
FAILED tests/test_03_genre.py::Test03GenreAPI::test_02_genre - NameError: nam...
FAILED tests/test_03_genre.py::Test03GenreAPI::test_03_category_fields_validation[data0-massage0]
FAILED tests/test_03_genre.py::Test03GenreAPI::test_03_category_fields_validation[data1-massage1]
FAILED tests/test_03_genre.py::Test03GenreAPI::test_03_category_fields_validation[data2-massage2]
FAILED tests/test_03_genre.py::Test03GenreAPI::test_04_genres_delete - NameEr...
FAILED tests/test_03_genre.py::Test03GenreAPI::test_05_genres_check_permission
============================== 7 failed in 3.81s ===============================
